[16:44:07.858241] 'Index' empty constructor (Location: 'Pages/Index.razor.cs', Line: #17)
[16:44:07.909875] 'MainConstructorAttribute' empty constructor (Location: 'Attributes/MainConstructorAttribute.cs', Line: #9)
[16:44:07.935165] 'Base' primary constructor (Location: 'Bases/Base.cs', Line: #24)
[16:44:07.980377] 'ToMessagePack' function (Location: 'Bases/BaseID.cs', Line: #109)
[16:44:08.514970] 'ToString' override function (Location: 'Bases/Base.cs', Line: #97)
[16:44:16.173590] 'ToString' override function (Location: 'Bases/Base.cs', Line: #97)
[16:44:17.919304] 'ToString' override function (Location: 'Bases/Base.cs', Line: #97)
[16:44:35.415127] 'ToString' override function (Location: 'Bases/Base.cs', Line: #97)
[16:44:36.584848] 'ToString' override function (Location: 'Bases/Base.cs', Line: #97)
[16:44:37.873607] 'ToString' override function (Location: 'Bases/Base.cs', Line: #97)
[16:44:38.631403] 'ToString' override function (Location: 'Bases/Base.cs', Line: #97)
[16:44:39.317600] 'ToString' override function (Location: 'Bases/Base.cs', Line: #97)
[16:44:39.755075] 'ToString' override function (Location: 'Bases/Base.cs', Line: #97)
[16:44:40.343922] 'ToString' override function (Location: 'Bases/Base.cs', Line: #97)
[16:44:41.245067] 'ToString' override function (Location: 'Bases/Base.cs', Line: #97)
[16:44:41.723661] 'ToString' override function (Location: 'Bases/Base.cs', Line: #97)
[16:44:44.207688] 'Index' empty constructor (Location: 'Pages/Index.razor.cs', Line: #17)
[16:44:44.227999] 'MainConstructorAttribute' empty constructor (Location: 'Attributes/MainConstructorAttribute.cs', Line: #9)
[16:44:44.248507] 'Base' primary constructor (Location: 'Bases/Base.cs', Line: #24)
[16:44:44.275424] 'ToMessagePack' function (Location: 'Bases/BaseID.cs', Line: #109)
[16:44:44.509219] 'ToString' override function (Location: 'Bases/Base.cs', Line: #97)
[16:47:51.011711] 'Index' empty constructor (Location: 'Pages/Index.razor.cs', Line: #17)
[16:47:51.059594] 'MainConstructorAttribute' empty constructor (Location: 'Attributes/MainConstructorAttribute.cs', Line: #9)
[16:47:51.097128] 'Base' primary constructor (Location: 'Bases/Base.cs', Line: #24)
[16:47:51.144571] 'ToMessagePack' function (Location: 'Bases/BaseID.cs', Line: #109)
[16:47:51.207181] 'MainConstructorAttribute' empty constructor (Location: 'Attributes/MainConstructorAttribute.cs', Line: #9)
[16:47:51.225711] 'BaseException' primary constructor (Location: 'Bases/BaseException.cs', Line: #38)
[16:47:51.253387] 'MainConstructorAttribute' empty constructor (Location: 'Attributes/MainConstructorAttribute.cs', Line: #9)
[16:47:51.276427] 'IDException' constructor (Location: 'Exceptions/IDException.cs', Line: #15)
[16:47:51.334981] 'ToMessagePack' function (Location: 'Bases/Base.cs', Line: #166)
[16:47:51.488712] 'MainConstructorAttribute' empty constructor (Location: 'Attributes/MainConstructorAttribute.cs', Line: #9)
[16:47:51.509587] 'BaseException' primary constructor (Location: 'Bases/BaseException.cs', Line: #38)
[16:47:51.530464] 'BaseException' constructor (Location: 'Bases/BaseException.cs', Line: #51)
[16:48:06.165154] 'Index' empty constructor (Location: 'Pages/Index.razor.cs', Line: #17)
[16:48:06.185937] 'MainConstructorAttribute' empty constructor (Location: 'Attributes/MainConstructorAttribute.cs', Line: #9)
[16:48:06.205781] 'Base' primary constructor (Location: 'Bases/Base.cs', Line: #24)
[16:48:06.227621] 'ToMessagePack' function (Location: 'Bases/BaseID.cs', Line: #109)
[16:48:06.605183] 'ToString' override function (Location: 'Bases/Base.cs', Line: #97)
[16:48:10.954871] 'ToString' override function (Location: 'Bases/Base.cs', Line: #97)
[16:48:13.896397] 'MainConstructorAttribute' empty constructor (Location: 'Attributes/MainConstructorAttribute.cs', Line: #9)
[16:48:13.922668] 'BaseException' primary constructor (Location: 'Bases/BaseException.cs', Line: #38)
[16:48:13.951893] 'MainConstructorAttribute' empty constructor (Location: 'Attributes/MainConstructorAttribute.cs', Line: #9)
[16:48:13.971803] 'IDException' constructor (Location: 'Exceptions/IDException.cs', Line: #15)
[16:48:14.043542] 'ToMessagePack' function (Location: 'Bases/Base.cs', Line: #166)
[16:48:14.082649] 'MainConstructorAttribute' empty constructor (Location: 'Attributes/MainConstructorAttribute.cs', Line: #9)
[16:48:14.100440] 'BaseException' primary constructor (Location: 'Bases/BaseException.cs', Line: #38)
[16:48:14.119496] 'BaseException' constructor (Location: 'Bases/BaseException.cs', Line: #51)
[17:07:20.953960] 'Index' empty constructor (Location: 'Pages/Index.razor.cs', Line: #17)
[17:07:21.013878] 'MainConstructorAttribute' empty constructor (Location: 'Attributes/MainConstructorAttribute.cs', Line: #9)
[17:07:21.044121] 'Base' primary constructor (Location: 'Bases/Base.cs', Line: #24)
[17:07:21.220881] 'ToMessagePack' function (Location: 'Bases/BaseID.cs', Line: #109)
[17:07:21.791875] 'ToString' override function (Location: 'Bases/Base.cs', Line: #97)
[17:07:26.935304] 'ToString' override function (Location: 'Bases/Base.cs', Line: #97)
[17:09:40.938188] 'Index' empty constructor (Location: 'Pages/Index.razor.cs', Line: #17)
[17:09:40.987880] 'MainConstructorAttribute' empty constructor (Location: 'Attributes/MainConstructorAttribute.cs', Line: #9)
[17:09:41.023734] 'Base' primary constructor (Location: 'Bases/Base.cs', Line: #24)
[17:09:41.060448] 'ToMessagePack' function (Location: 'Bases/BaseID.cs', Line: #110)
[17:09:41.446937] 'ToString' override function (Location: 'Bases/Base.cs', Line: #97)
[17:09:44.282601] 'ToString' override function (Location: 'Bases/Base.cs', Line: #97)
[17:09:46.186617] 'ToString' override function (Location: 'Bases/Base.cs', Line: #97)
[17:10:08.186343] 'ToString' override function (Location: 'Bases/Base.cs', Line: #97)
[17:10:09.146965] 'ToString' override function (Location: 'Bases/Base.cs', Line: #97)
[17:10:10.040943] 'ToString' override function (Location: 'Bases/Base.cs', Line: #97)
[17:10:10.540040] 'ToString' override function (Location: 'Bases/Base.cs', Line: #97)
[17:10:10.989944] 'ToString' override function (Location: 'Bases/Base.cs', Line: #97)
[17:10:11.462154] 'ToString' override function (Location: 'Bases/Base.cs', Line: #97)
[17:10:11.951727] 'ToString' override function (Location: 'Bases/Base.cs', Line: #97)
[17:10:12.373540] 'ToString' override function (Location: 'Bases/Base.cs', Line: #97)
[17:10:12.975830] 'ToString' override function (Location: 'Bases/Base.cs', Line: #97)
[17:10:13.422605] 'ToString' override function (Location: 'Bases/Base.cs', Line: #97)
[17:10:26.672501] 'Index' empty constructor (Location: 'Pages/Index.razor.cs', Line: #17)
[17:10:26.703023] 'MainConstructorAttribute' empty constructor (Location: 'Attributes/MainConstructorAttribute.cs', Line: #9)
[17:10:26.728777] 'Base' primary constructor (Location: 'Bases/Base.cs', Line: #24)
[17:10:26.750349] 'ToMessagePack' function (Location: 'Bases/BaseID.cs', Line: #110)
[17:10:26.968793] 'ToString' override function (Location: 'Bases/Base.cs', Line: #97)
[17:12:03.202664] 'Index' empty constructor (Location: 'Pages/Index.razor.cs', Line: #17)
[17:12:03.249851] 'MainConstructorAttribute' empty constructor (Location: 'Attributes/MainConstructorAttribute.cs', Line: #9)
[17:12:03.282243] 'Base' primary constructor (Location: 'Bases/Base.cs', Line: #24)
[17:12:03.325829] 'ToMessagePack' function (Location: 'Bases/BaseID.cs', Line: #110)
[17:12:18.768241] 'Index' empty constructor (Location: 'Pages/Index.razor.cs', Line: #17)
[17:12:18.793155] 'MainConstructorAttribute' empty constructor (Location: 'Attributes/MainConstructorAttribute.cs', Line: #9)
[17:12:18.813222] 'Base' primary constructor (Location: 'Bases/Base.cs', Line: #24)
[17:12:18.832817] 'ToMessagePack' function (Location: 'Bases/BaseID.cs', Line: #110)
[17:12:19.242387] 'ToString' override function (Location: 'Bases/Base.cs', Line: #97)
[17:24:42.589675] 'Index' empty constructor (Location: 'Pages/Index.razor.cs', Line: #17)
[17:24:42.648984] 'MainConstructorAttribute' empty constructor (Location: 'Attributes/MainConstructorAttribute.cs', Line: #9)
[17:24:42.676395] 'Base' primary constructor (Location: 'Bases/Base.cs', Line: #27)
[17:24:42.710897] 'ToMessagePack' function (Location: 'Bases/Base.cs', Line: #169)
[17:24:43.071293] 'ToString' override function (Location: 'Bases/BaseID.cs', Line: #148)
[17:24:52.870093] 'ToString' override function (Location: 'Bases/BaseID.cs', Line: #148)
[17:24:53.797254] 'ToString' override function (Location: 'Bases/BaseID.cs', Line: #148)
[17:24:56.344515] 'ToString' override function (Location: 'Bases/BaseID.cs', Line: #148)
[17:24:57.419456] 'ToString' override function (Location: 'Bases/BaseID.cs', Line: #148)
[17:24:58.390178] 'ToString' override function (Location: 'Bases/BaseID.cs', Line: #148)
[17:24:59.004684] 'ToString' override function (Location: 'Bases/BaseID.cs', Line: #148)
[17:24:59.856310] 'ToString' override function (Location: 'Bases/BaseID.cs', Line: #148)
[17:25:00.384572] 'ToString' override function (Location: 'Bases/BaseID.cs', Line: #148)
[18:29:49.320627] 'Index' empty constructor (Location: 'Pages/Index.razor.cs', Line: #19)
[18:29:49.410556] 'MainConstructorAttribute' empty constructor (Location: 'Attributes/MainConstructorAttribute.cs', Line: #9)
[18:29:49.431923] 'Base' primary constructor (Location: 'Bases/Base.cs', Line: #27)
[18:29:49.452801] 'MainConstructorAttribute' empty constructor (Location: 'Attributes/MainConstructorAttribute.cs', Line: #9)
[18:29:49.476420] 'BaseID' primary constructor (Location: 'Bases/BaseID.cs', Line: #22)
[18:29:49.501802] 'MainConstructorAttribute' empty constructor (Location: 'Attributes/MainConstructorAttribute.cs', Line: #9)
[18:29:49.528152] 'BaseID' primary constructor (Location: 'Bases/BaseID.cs', Line: #162)
[18:29:49.553813] 'BaseID' constructor (Location: 'Bases/BaseID.cs', Line: #194)
[18:29:49.608033] 'ToMessagePack' function (Location: 'Bases/Base.cs', Line: #169)
[18:29:50.086383] 'ToString' override function (Location: 'Bases/BaseID.cs', Line: #121)
[18:29:58.438000] 'ToString' override function (Location: 'Bases/BaseID.cs', Line: #121)
[18:31:29.624956] 'Index' empty constructor (Location: 'Pages/Index.razor.cs', Line: #19)
[18:31:29.679693] 'MainConstructorAttribute' empty constructor (Location: 'Attributes/MainConstructorAttribute.cs', Line: #9)
[18:31:29.711344] 'Base' primary constructor (Location: 'Bases/Base.cs', Line: #27)
[18:31:29.788691] 'MainConstructorAttribute' empty constructor (Location: 'Attributes/MainConstructorAttribute.cs', Line: #9)
[18:31:29.810129] 'BaseID' primary constructor (Location: 'Bases/BaseID.cs', Line: #22)
[18:31:29.833988] 'MainConstructorAttribute' empty constructor (Location: 'Attributes/MainConstructorAttribute.cs', Line: #9)
[18:31:29.857083] 'BaseID' primary constructor (Location: 'Bases/BaseID.cs', Line: #162)
[18:31:29.881814] 'BaseID' constructor (Location: 'Bases/BaseID.cs', Line: #194)
[18:31:29.934002] 'ToMessagePack' function (Location: 'Bases/Base.cs', Line: #169)
