[11:40:12.980347] -=-=-=-=-=-=-=-=-= APPLICATION_NAME HAS STARTED =-=-=-=-=-=-=-=-=- (Location: 'ZData01/Program.cs', Line: #10)
[11:40:16.457887] 'Header' empty constructor (Location: 'Components/Header.razor.cs', Line: #26)
[11:40:16.481328] 'SetParametersAsync' override function (Location: 'Components/Header.razor.cs', Line: #263)
[11:40:16.501479] 'OnInitialized' override function (Location: 'Components/Header.razor.cs', Line: #40)
[11:40:16.519055] 'OnInitializedAsync' override function (Location: 'Components/Header.razor.cs', Line: #55)
[11:40:16.537617] 'OnParametersSet' override function (Location: 'Components/Header.razor.cs', Line: #78)
[11:40:16.557076] 'OnParametersSetAsync' override function (Location: 'Components/Header.razor.cs', Line: #179)
[11:40:16.572523] 'Index' empty constructor (Location: 'Pages/Index.razor.cs', Line: #23)
[11:40:16.602151] 'MainConstructorAttribute' empty constructor (Location: 'Attributes/MainConstructorAttribute.cs', Line: #9)
[11:40:16.616410] 'Base' primary constructor (Location: 'Bases/Base.cs', Line: #29)
[11:40:16.633046] 'MainConstructorAttribute' empty constructor (Location: 'Attributes/MainConstructorAttribute.cs', Line: #9)
[11:40:16.649188] 'BaseName' primary constructor (Location: 'Bases/BaseName.cs', Line: #25)
[11:40:16.670381] 'MainConstructorAttribute' empty constructor (Location: 'Attributes/MainConstructorAttribute.cs', Line: #9)
[11:40:16.690482] 'Base' primary constructor (Location: 'Bases/Base.cs', Line: #29)
[11:40:16.711553] 'MainConstructorAttribute' empty constructor (Location: 'Attributes/MainConstructorAttribute.cs', Line: #9)
[11:40:16.729525] 'BaseType' primary constructor (Location: 'Bases/BaseType.cs', Line: #21)
[11:40:16.751310] 'BaseType' constructor (Location: 'Bases/BaseType.cs', Line: #167)
[11:40:16.776000] 'MainConstructorAttribute' empty constructor (Location: 'Attributes/MainConstructorAttribute.cs', Line: #9)
[11:40:16.797517] 'Base' primary constructor (Location: 'Bases/Base.cs', Line: #29)
[11:40:16.818000] 'MainConstructorAttribute' empty constructor (Location: 'Attributes/MainConstructorAttribute.cs', Line: #9)
[11:40:16.835303] 'BaseID' primary constructor (Location: 'Bases/BaseID.cs', Line: #27)
[11:40:16.855484] 'MainConstructorAttribute' empty constructor (Location: 'Attributes/MainConstructorAttribute.cs', Line: #9)
[11:40:16.876546] 'BaseID' primary constructor (Location: 'Bases/BaseID.cs', Line: #238)
[11:40:16.918265] 'BaseID' constructor (Location: 'Bases/BaseID.cs', Line: #270)
[11:40:16.944988] 'MainConstructorAttribute' empty constructor (Location: 'Attributes/MainConstructorAttribute.cs', Line: #9)
[11:40:16.966776] 'Base' primary constructor (Location: 'Bases/Base.cs', Line: #29)
[11:40:16.987813] 'MainConstructorAttribute' empty constructor (Location: 'Attributes/MainConstructorAttribute.cs', Line: #9)
[11:40:17.005834] 'BaseID' primary constructor (Location: 'Bases/BaseID.cs', Line: #27)
[11:40:17.032901] 'MainConstructorAttribute' empty constructor (Location: 'Attributes/MainConstructorAttribute.cs', Line: #9)
[11:40:17.055976] 'BaseID' primary constructor (Location: 'Bases/BaseID.cs', Line: #238)
[11:40:17.078818] 'MainConstructorAttribute' empty constructor (Location: 'Attributes/MainConstructorAttribute.cs', Line: #9)
[11:40:17.096014] 'Base' primary constructor (Location: 'Bases/Base.cs', Line: #29)
[11:40:17.113690] 'MainConstructorAttribute' empty constructor (Location: 'Attributes/MainConstructorAttribute.cs', Line: #9)
[11:40:17.132305] 'BaseIdentity' primary constructor (Location: 'Bases/BaseIdentity.cs', Line: #38)
[11:40:17.157773] 'MainConstructorAttribute' empty constructor (Location: 'Attributes/MainConstructorAttribute.cs', Line: #9)
[11:40:17.183637] 'ObjectIdentity' primary constructor (Location: 'Identities/ObjectIdentity.cs', Line: #26)
[11:40:17.210986] 'SetParametersAsync' override function (Location: 'Pages/Index.razor.cs', Line: #187)
[11:40:17.231252] 'OnInitialized' override function (Location: 'Pages/Index.razor.cs', Line: #50)
[11:40:17.254709] 'OnInitializedAsync' override function (Location: 'Pages/Index.razor.cs', Line: #65)
[11:40:17.278014] 'OnParametersSet' override function (Location: 'Pages/Index.razor.cs', Line: #88)
[11:40:17.300365] 'OnParametersSetAsync' override function (Location: 'Pages/Index.razor.cs', Line: #103)
[11:40:17.344564] 'MainConstructorAttribute' empty constructor (Location: 'Attributes/MainConstructorAttribute.cs', Line: #9)
[11:40:17.363448] 'Base' primary constructor (Location: 'Bases/Base.cs', Line: #29)
[11:40:17.385231] 'MainConstructorAttribute' empty constructor (Location: 'Attributes/MainConstructorAttribute.cs', Line: #9)
[11:40:17.412207] 'Date' primary constructor (Location: 'Date/Date.cs', Line: #34)
[11:40:17.439500] 'MainConstructorAttribute' empty constructor (Location: 'Attributes/MainConstructorAttribute.cs', Line: #9)
[11:40:17.460123] 'Base' primary constructor (Location: 'Bases/Base.cs', Line: #29)
[11:40:17.481351] 'MainConstructorAttribute' empty constructor (Location: 'Attributes/MainConstructorAttribute.cs', Line: #9)
[11:40:17.500626] 'BaseNumber' primary constructor (Location: 'Bases/BaseNumber.cs', Line: #30)
[11:40:17.523069] 'MainConstructorAttribute' empty constructor (Location: 'Attributes/MainConstructorAttribute.cs', Line: #9)
[11:40:17.545799] 'Year' primary constructor (Location: 'Date/Year.cs', Line: #19)
[11:40:17.567691] 'Year' constructor (Location: 'Date/Year.cs', Line: #28)
[11:40:17.593077] 'MainConstructorAttribute' empty constructor (Location: 'Attributes/MainConstructorAttribute.cs', Line: #9)
[11:40:17.614440] 'Base' primary constructor (Location: 'Bases/Base.cs', Line: #29)
[11:40:17.634621] 'MainConstructorAttribute' empty constructor (Location: 'Attributes/MainConstructorAttribute.cs', Line: #9)
[11:40:17.651403] 'BaseNumber' primary constructor (Location: 'Bases/BaseNumber.cs', Line: #30)
[11:40:17.673168] 'MainConstructorAttribute' empty constructor (Location: 'Attributes/MainConstructorAttribute.cs', Line: #9)
[11:40:17.693361] 'Month' primary constructor (Location: 'Date/Month.cs', Line: #20)
[11:40:17.714175] 'Month' constructor (Location: 'Date/Month.cs', Line: #29)
[11:40:17.736640] 'MainConstructorAttribute' empty constructor (Location: 'Attributes/MainConstructorAttribute.cs', Line: #9)
[11:40:17.757463] 'Base' primary constructor (Location: 'Bases/Base.cs', Line: #29)
[11:40:17.780417] 'MainConstructorAttribute' empty constructor (Location: 'Attributes/MainConstructorAttribute.cs', Line: #9)
[11:40:17.800543] 'BaseNumber' primary constructor (Location: 'Bases/BaseNumber.cs', Line: #30)
[11:40:17.822460] 'MainConstructorAttribute' empty constructor (Location: 'Attributes/MainConstructorAttribute.cs', Line: #9)
[11:40:17.842019] 'Day' primary constructor (Location: 'Date/Day.cs', Line: #19)
[11:40:17.862911] 'Day' constructor (Location: 'Date/Day.cs', Line: #28)
[11:40:17.882831] 'Date' constructor (Location: 'Date/Date.cs', Line: #367)
[11:40:17.910474] 'MainConstructorAttribute' empty constructor (Location: 'Attributes/MainConstructorAttribute.cs', Line: #9)
[11:40:17.935332] 'Base' primary constructor (Location: 'Bases/Base.cs', Line: #29)
[11:40:17.956040] 'MainConstructorAttribute' empty constructor (Location: 'Attributes/MainConstructorAttribute.cs', Line: #9)
[11:40:17.976362] 'BaseNumber' primary constructor (Location: 'Bases/BaseNumber.cs', Line: #30)
[11:40:17.995174] 'MainConstructorAttribute' empty constructor (Location: 'Attributes/MainConstructorAttribute.cs', Line: #9)
[11:40:18.013015] 'Year' primary constructor (Location: 'Date/Year.cs', Line: #19)
[11:40:18.035955] 'MainConstructorAttribute' empty constructor (Location: 'Attributes/MainConstructorAttribute.cs', Line: #9)
[11:40:18.056569] 'Base' primary constructor (Location: 'Bases/Base.cs', Line: #29)
[11:40:18.075479] 'MainConstructorAttribute' empty constructor (Location: 'Attributes/MainConstructorAttribute.cs', Line: #9)
[11:40:18.094396] 'BaseNumber' primary constructor (Location: 'Bases/BaseNumber.cs', Line: #30)
[11:40:18.114839] 'MainConstructorAttribute' empty constructor (Location: 'Attributes/MainConstructorAttribute.cs', Line: #9)
[11:40:18.134456] 'Month' primary constructor (Location: 'Date/Month.cs', Line: #20)
[11:40:18.159282] 'MainConstructorAttribute' empty constructor (Location: 'Attributes/MainConstructorAttribute.cs', Line: #9)
[11:40:18.178788] 'Base' primary constructor (Location: 'Bases/Base.cs', Line: #29)
[11:40:18.198884] 'MainConstructorAttribute' empty constructor (Location: 'Attributes/MainConstructorAttribute.cs', Line: #9)
[11:40:18.218761] 'BaseNumber' primary constructor (Location: 'Bases/BaseNumber.cs', Line: #30)
[11:40:18.239348] 'MainConstructorAttribute' empty constructor (Location: 'Attributes/MainConstructorAttribute.cs', Line: #9)
[11:40:18.258127] 'Day' primary constructor (Location: 'Date/Day.cs', Line: #19)
[11:40:18.873323] 'ToString' override function (Location: 'Date/Date.cs', Line: #609)
[11:40:24.936444] 'ToString' override function (Location: 'Date/Date.cs', Line: #609)
[11:40:25.498386] 'ToString' override function (Location: 'Date/Date.cs', Line: #609)
[11:40:25.964407] 'ToJSON' function (Location: 'Date/Date.cs', Line: #673)
[11:40:26.158714] 'ToString' override function (Location: 'Date/Date.cs', Line: #609)
[11:40:26.781500] 'ToString' override function (Location: 'Date/Date.cs', Line: #609)
[11:40:27.477804] 'ToString' override function (Location: 'Date/Date.cs', Line: #609)
[11:40:29.067607] 'ToString' override function (Location: 'Date/Date.cs', Line: #609)
[11:40:30.881123] 'ToString' override function (Location: 'Date/Date.cs', Line: #609)
[11:40:31.474676] 'ToString' override function (Location: 'Date/Date.cs', Line: #609)
[11:40:32.048417] 'ToString' override function (Location: 'Date/Date.cs', Line: #609)
[11:40:32.580875] 'ToString' override function (Location: 'Date/Date.cs', Line: #609)
[11:40:33.040238] 'ToString' override function (Location: 'Date/Date.cs', Line: #609)
[11:40:33.579119] 'ToString' override function (Location: 'Date/Date.cs', Line: #609)
[11:40:34.196967] 'ToString' override function (Location: 'Date/Date.cs', Line: #609)
[11:40:35.858899] 'ToString' override function (Location: 'Date/Date.cs', Line: #609)
[11:40:35.934597] 'ToString' override function (Location: 'Pages/Index.razor.cs', Line: #43)
[11:40:38.607389] 'OnAfterRender' override function (Location: 'Components/Header.razor.cs', Line: #225)
[11:40:38.668332] 'OnAfterRenderAsync' override function (Location: 'Components/Header.razor.cs', Line: #240)
[11:40:38.725442] 'OnAfterRender' override function (Location: 'Pages/Index.razor.cs', Line: #149)
[11:40:38.751301] 'OnAfterRenderAsync' override function (Location: 'Pages/Index.razor.cs', Line: #164)
[11:42:17.536766] -=-=-=-=-=-=-=-=-= APPLICATION_NAME HAS STARTED =-=-=-=-=-=-=-=-=- (Location: 'ZData01/Program.cs', Line: #10)
[11:42:20.244757] 'Header' empty constructor (Location: 'Components/Header.razor.cs', Line: #26)
[11:42:20.276552] 'SetParametersAsync' override function (Location: 'Components/Header.razor.cs', Line: #263)
[11:42:20.310137] 'OnInitialized' override function (Location: 'Components/Header.razor.cs', Line: #40)
[11:42:20.342574] 'OnInitializedAsync' override function (Location: 'Components/Header.razor.cs', Line: #55)
[11:42:20.372196] 'OnParametersSet' override function (Location: 'Components/Header.razor.cs', Line: #78)
[11:42:20.397431] 'OnParametersSetAsync' override function (Location: 'Components/Header.razor.cs', Line: #179)
[11:42:20.444415] 'Index' empty constructor (Location: 'Pages/Index.razor.cs', Line: #23)
[11:42:20.470685] 'MainConstructorAttribute' empty constructor (Location: 'Attributes/MainConstructorAttribute.cs', Line: #9)
[11:42:20.491716] 'Base' primary constructor (Location: 'Bases/Base.cs', Line: #29)
[11:42:20.546863] 'MainConstructorAttribute' empty constructor (Location: 'Attributes/MainConstructorAttribute.cs', Line: #9)
[11:42:20.569479] 'BaseName' primary constructor (Location: 'Bases/BaseName.cs', Line: #25)
[11:42:20.609372] 'MainConstructorAttribute' empty constructor (Location: 'Attributes/MainConstructorAttribute.cs', Line: #9)
[11:42:20.632779] 'Base' primary constructor (Location: 'Bases/Base.cs', Line: #29)
[11:42:20.655416] 'MainConstructorAttribute' empty constructor (Location: 'Attributes/MainConstructorAttribute.cs', Line: #9)
[11:42:20.676152] 'BaseType' primary constructor (Location: 'Bases/BaseType.cs', Line: #21)
[11:42:20.698511] 'BaseType' constructor (Location: 'Bases/BaseType.cs', Line: #167)
[11:42:20.727945] 'MainConstructorAttribute' empty constructor (Location: 'Attributes/MainConstructorAttribute.cs', Line: #9)
[11:42:20.753483] 'Base' primary constructor (Location: 'Bases/Base.cs', Line: #29)
[11:42:20.777621] 'MainConstructorAttribute' empty constructor (Location: 'Attributes/MainConstructorAttribute.cs', Line: #9)
[11:42:20.800294] 'BaseID' primary constructor (Location: 'Bases/BaseID.cs', Line: #27)
[11:42:20.824461] 'MainConstructorAttribute' empty constructor (Location: 'Attributes/MainConstructorAttribute.cs', Line: #9)
[11:42:20.858821] 'BaseID' primary constructor (Location: 'Bases/BaseID.cs', Line: #238)
[11:42:20.896267] 'BaseID' constructor (Location: 'Bases/BaseID.cs', Line: #270)
[11:42:20.931270] 'MainConstructorAttribute' empty constructor (Location: 'Attributes/MainConstructorAttribute.cs', Line: #9)
[11:42:20.949975] 'Base' primary constructor (Location: 'Bases/Base.cs', Line: #29)
[11:42:20.968979] 'MainConstructorAttribute' empty constructor (Location: 'Attributes/MainConstructorAttribute.cs', Line: #9)
[11:42:20.986947] 'BaseID' primary constructor (Location: 'Bases/BaseID.cs', Line: #27)
[11:42:21.006854] 'MainConstructorAttribute' empty constructor (Location: 'Attributes/MainConstructorAttribute.cs', Line: #9)
[11:42:21.034442] 'BaseID' primary constructor (Location: 'Bases/BaseID.cs', Line: #238)
[11:42:21.059308] 'MainConstructorAttribute' empty constructor (Location: 'Attributes/MainConstructorAttribute.cs', Line: #9)
[11:42:21.086385] 'Base' primary constructor (Location: 'Bases/Base.cs', Line: #29)
[11:42:21.106673] 'MainConstructorAttribute' empty constructor (Location: 'Attributes/MainConstructorAttribute.cs', Line: #9)
[11:42:21.124971] 'BaseIdentity' primary constructor (Location: 'Bases/BaseIdentity.cs', Line: #38)
[11:42:21.146828] 'MainConstructorAttribute' empty constructor (Location: 'Attributes/MainConstructorAttribute.cs', Line: #9)
[11:42:21.164820] 'ObjectIdentity' primary constructor (Location: 'Identities/ObjectIdentity.cs', Line: #26)
[11:42:21.202029] 'SetParametersAsync' override function (Location: 'Pages/Index.razor.cs', Line: #187)
[11:42:21.226142] 'OnInitialized' override function (Location: 'Pages/Index.razor.cs', Line: #50)
[11:42:21.248633] 'OnInitializedAsync' override function (Location: 'Pages/Index.razor.cs', Line: #65)
[11:42:21.271816] 'OnParametersSet' override function (Location: 'Pages/Index.razor.cs', Line: #88)
[11:42:21.295119] 'OnParametersSetAsync' override function (Location: 'Pages/Index.razor.cs', Line: #103)
[11:42:21.331338] 'MainConstructorAttribute' empty constructor (Location: 'Attributes/MainConstructorAttribute.cs', Line: #9)
[11:42:21.350897] 'Base' primary constructor (Location: 'Bases/Base.cs', Line: #29)
[11:42:21.383008] 'MainConstructorAttribute' empty constructor (Location: 'Attributes/MainConstructorAttribute.cs', Line: #9)
[11:42:21.406993] 'Date' primary constructor (Location: 'Date/Date.cs', Line: #34)
[11:42:21.442758] 'MainConstructorAttribute' empty constructor (Location: 'Attributes/MainConstructorAttribute.cs', Line: #9)
[11:42:21.464484] 'Base' primary constructor (Location: 'Bases/Base.cs', Line: #29)
[11:42:21.499959] 'MainConstructorAttribute' empty constructor (Location: 'Attributes/MainConstructorAttribute.cs', Line: #9)
[11:42:21.523314] 'BaseNumber' primary constructor (Location: 'Bases/BaseNumber.cs', Line: #30)
[11:42:21.553181] 'MainConstructorAttribute' empty constructor (Location: 'Attributes/MainConstructorAttribute.cs', Line: #9)
[11:42:21.598076] 'Year' primary constructor (Location: 'Date/Year.cs', Line: #19)
[11:42:21.619636] 'Year' constructor (Location: 'Date/Year.cs', Line: #28)
[11:42:21.645853] 'MainConstructorAttribute' empty constructor (Location: 'Attributes/MainConstructorAttribute.cs', Line: #9)
[11:42:21.667379] 'Base' primary constructor (Location: 'Bases/Base.cs', Line: #29)
[11:42:21.702125] 'MainConstructorAttribute' empty constructor (Location: 'Attributes/MainConstructorAttribute.cs', Line: #9)
[11:42:21.728142] 'BaseNumber' primary constructor (Location: 'Bases/BaseNumber.cs', Line: #30)
[11:42:21.750301] 'MainConstructorAttribute' empty constructor (Location: 'Attributes/MainConstructorAttribute.cs', Line: #9)
[11:42:21.769820] 'Month' primary constructor (Location: 'Date/Month.cs', Line: #20)
[11:42:21.791248] 'Month' constructor (Location: 'Date/Month.cs', Line: #29)
[11:42:21.814257] 'MainConstructorAttribute' empty constructor (Location: 'Attributes/MainConstructorAttribute.cs', Line: #9)
[11:42:21.835003] 'Base' primary constructor (Location: 'Bases/Base.cs', Line: #29)
[11:42:21.857350] 'MainConstructorAttribute' empty constructor (Location: 'Attributes/MainConstructorAttribute.cs', Line: #9)
[11:42:21.880051] 'BaseNumber' primary constructor (Location: 'Bases/BaseNumber.cs', Line: #30)
[11:42:21.901844] 'MainConstructorAttribute' empty constructor (Location: 'Attributes/MainConstructorAttribute.cs', Line: #9)
[11:42:21.928546] 'Day' primary constructor (Location: 'Date/Day.cs', Line: #19)
[11:42:21.956281] 'Day' constructor (Location: 'Date/Day.cs', Line: #28)
[11:42:21.981472] 'Date' constructor (Location: 'Date/Date.cs', Line: #367)
[11:42:22.005426] 'MainConstructorAttribute' empty constructor (Location: 'Attributes/MainConstructorAttribute.cs', Line: #9)
[11:42:22.024611] 'Base' primary constructor (Location: 'Bases/Base.cs', Line: #29)
[11:42:22.051544] 'MainConstructorAttribute' empty constructor (Location: 'Attributes/MainConstructorAttribute.cs', Line: #9)
[11:42:22.077190] 'BaseNumber' primary constructor (Location: 'Bases/BaseNumber.cs', Line: #30)
[11:42:22.101202] 'MainConstructorAttribute' empty constructor (Location: 'Attributes/MainConstructorAttribute.cs', Line: #9)
[11:42:22.158143] 'Year' primary constructor (Location: 'Date/Year.cs', Line: #19)
[11:42:22.178674] 'MainConstructorAttribute' empty constructor (Location: 'Attributes/MainConstructorAttribute.cs', Line: #9)
[11:42:22.204051] 'Base' primary constructor (Location: 'Bases/Base.cs', Line: #29)
[11:42:22.228185] 'MainConstructorAttribute' empty constructor (Location: 'Attributes/MainConstructorAttribute.cs', Line: #9)
[11:42:22.247949] 'BaseNumber' primary constructor (Location: 'Bases/BaseNumber.cs', Line: #30)
[11:42:22.271001] 'MainConstructorAttribute' empty constructor (Location: 'Attributes/MainConstructorAttribute.cs', Line: #9)
[11:42:22.293084] 'Month' primary constructor (Location: 'Date/Month.cs', Line: #20)
[11:42:22.316208] 'MainConstructorAttribute' empty constructor (Location: 'Attributes/MainConstructorAttribute.cs', Line: #9)
[11:42:22.337185] 'Base' primary constructor (Location: 'Bases/Base.cs', Line: #29)
[11:42:22.364618] 'MainConstructorAttribute' empty constructor (Location: 'Attributes/MainConstructorAttribute.cs', Line: #9)
[11:42:22.390992] 'BaseNumber' primary constructor (Location: 'Bases/BaseNumber.cs', Line: #30)
[11:42:22.414574] 'MainConstructorAttribute' empty constructor (Location: 'Attributes/MainConstructorAttribute.cs', Line: #9)
[11:42:22.437311] 'Day' primary constructor (Location: 'Date/Day.cs', Line: #19)
[11:42:22.958606] 'ToString' override function (Location: 'Date/Date.cs', Line: #609)
[11:42:25.040883] 'ToJSON' function (Location: 'Date/Date.cs', Line: #673)
[11:42:25.305525] 'OnAfterRender' override function (Location: 'Components/Header.razor.cs', Line: #225)
[11:42:25.327637] 'OnAfterRenderAsync' override function (Location: 'Components/Header.razor.cs', Line: #240)
[11:42:25.351230] 'OnAfterRender' override function (Location: 'Pages/Index.razor.cs', Line: #149)
[11:42:25.373254] 'OnAfterRenderAsync' override function (Location: 'Pages/Index.razor.cs', Line: #164)
[11:42:58.610503] -=-=-=-=-=-=-=-=-= APPLICATION_NAME HAS STARTED =-=-=-=-=-=-=-=-=- (Location: 'ZData01/Program.cs', Line: #10)
[11:43:01.388418] 'Header' empty constructor (Location: 'Components/Header.razor.cs', Line: #26)
[11:43:01.419530] 'SetParametersAsync' override function (Location: 'Components/Header.razor.cs', Line: #263)
[11:43:01.447319] 'OnInitialized' override function (Location: 'Components/Header.razor.cs', Line: #40)
[11:43:01.468031] 'OnInitializedAsync' override function (Location: 'Components/Header.razor.cs', Line: #55)
[11:43:01.488658] 'OnParametersSet' override function (Location: 'Components/Header.razor.cs', Line: #78)
[11:43:01.508812] 'OnParametersSetAsync' override function (Location: 'Components/Header.razor.cs', Line: #179)
[11:43:01.539586] 'Index' empty constructor (Location: 'Pages/Index.razor.cs', Line: #23)
[11:43:01.564433] 'MainConstructorAttribute' empty constructor (Location: 'Attributes/MainConstructorAttribute.cs', Line: #9)
[11:43:01.588100] 'Base' primary constructor (Location: 'Bases/Base.cs', Line: #29)
[11:43:01.611987] 'MainConstructorAttribute' empty constructor (Location: 'Attributes/MainConstructorAttribute.cs', Line: #9)
[11:43:01.630070] 'BaseName' primary constructor (Location: 'Bases/BaseName.cs', Line: #25)
[11:43:01.653954] 'MainConstructorAttribute' empty constructor (Location: 'Attributes/MainConstructorAttribute.cs', Line: #9)
[11:43:01.673467] 'Base' primary constructor (Location: 'Bases/Base.cs', Line: #29)
[11:43:01.696470] 'MainConstructorAttribute' empty constructor (Location: 'Attributes/MainConstructorAttribute.cs', Line: #9)
[11:43:01.718851] 'BaseType' primary constructor (Location: 'Bases/BaseType.cs', Line: #21)
[11:43:01.739534] 'BaseType' constructor (Location: 'Bases/BaseType.cs', Line: #167)
[11:43:01.759816] 'MainConstructorAttribute' empty constructor (Location: 'Attributes/MainConstructorAttribute.cs', Line: #9)
[11:43:01.787260] 'Base' primary constructor (Location: 'Bases/Base.cs', Line: #29)
[11:43:01.816553] 'MainConstructorAttribute' empty constructor (Location: 'Attributes/MainConstructorAttribute.cs', Line: #9)
[11:43:01.840047] 'BaseID' primary constructor (Location: 'Bases/BaseID.cs', Line: #27)
[11:43:01.865759] 'MainConstructorAttribute' empty constructor (Location: 'Attributes/MainConstructorAttribute.cs', Line: #9)
[11:43:01.887606] 'BaseID' primary constructor (Location: 'Bases/BaseID.cs', Line: #238)
[11:43:01.924246] 'BaseID' constructor (Location: 'Bases/BaseID.cs', Line: #270)
[11:43:01.951713] 'MainConstructorAttribute' empty constructor (Location: 'Attributes/MainConstructorAttribute.cs', Line: #9)
[11:43:01.974576] 'Base' primary constructor (Location: 'Bases/Base.cs', Line: #29)
[11:43:01.999261] 'MainConstructorAttribute' empty constructor (Location: 'Attributes/MainConstructorAttribute.cs', Line: #9)
[11:43:02.035005] 'BaseID' primary constructor (Location: 'Bases/BaseID.cs', Line: #27)
[11:43:02.064788] 'MainConstructorAttribute' empty constructor (Location: 'Attributes/MainConstructorAttribute.cs', Line: #9)
[11:43:02.088088] 'BaseID' primary constructor (Location: 'Bases/BaseID.cs', Line: #238)
[11:43:02.108813] 'MainConstructorAttribute' empty constructor (Location: 'Attributes/MainConstructorAttribute.cs', Line: #9)
[11:43:02.130709] 'Base' primary constructor (Location: 'Bases/Base.cs', Line: #29)
[11:43:02.156071] 'MainConstructorAttribute' empty constructor (Location: 'Attributes/MainConstructorAttribute.cs', Line: #9)
[11:43:02.180402] 'BaseIdentity' primary constructor (Location: 'Bases/BaseIdentity.cs', Line: #38)
[11:43:02.201645] 'MainConstructorAttribute' empty constructor (Location: 'Attributes/MainConstructorAttribute.cs', Line: #9)
[11:43:02.220304] 'ObjectIdentity' primary constructor (Location: 'Identities/ObjectIdentity.cs', Line: #26)
[11:43:02.255270] 'SetParametersAsync' override function (Location: 'Pages/Index.razor.cs', Line: #187)
[11:43:02.280874] 'OnInitialized' override function (Location: 'Pages/Index.razor.cs', Line: #50)
[11:43:02.304205] 'OnInitializedAsync' override function (Location: 'Pages/Index.razor.cs', Line: #65)
[11:43:02.336070] 'OnParametersSet' override function (Location: 'Pages/Index.razor.cs', Line: #88)
[11:43:02.353168] 'OnParametersSetAsync' override function (Location: 'Pages/Index.razor.cs', Line: #103)
[11:43:02.424573] 'MainConstructorAttribute' empty constructor (Location: 'Attributes/MainConstructorAttribute.cs', Line: #9)
[11:43:02.441756] 'Base' primary constructor (Location: 'Bases/Base.cs', Line: #29)
[11:43:02.478145] 'MainConstructorAttribute' empty constructor (Location: 'Attributes/MainConstructorAttribute.cs', Line: #9)
[11:43:02.509423] 'Date' primary constructor (Location: 'Date/Date.cs', Line: #34)
[11:43:02.530877] 'MainConstructorAttribute' empty constructor (Location: 'Attributes/MainConstructorAttribute.cs', Line: #9)
[11:43:02.548156] 'Base' primary constructor (Location: 'Bases/Base.cs', Line: #29)
[11:43:02.565102] 'MainConstructorAttribute' empty constructor (Location: 'Attributes/MainConstructorAttribute.cs', Line: #9)
[11:43:02.582527] 'BaseNumber' primary constructor (Location: 'Bases/BaseNumber.cs', Line: #30)
[11:43:02.603209] 'MainConstructorAttribute' empty constructor (Location: 'Attributes/MainConstructorAttribute.cs', Line: #9)
[11:43:02.619952] 'Year' primary constructor (Location: 'Date/Year.cs', Line: #19)
[11:43:02.638484] 'Year' constructor (Location: 'Date/Year.cs', Line: #28)
[11:43:02.656850] 'MainConstructorAttribute' empty constructor (Location: 'Attributes/MainConstructorAttribute.cs', Line: #9)
[11:43:02.673067] 'Base' primary constructor (Location: 'Bases/Base.cs', Line: #29)
[11:43:02.692591] 'MainConstructorAttribute' empty constructor (Location: 'Attributes/MainConstructorAttribute.cs', Line: #9)
[11:43:02.708627] 'BaseNumber' primary constructor (Location: 'Bases/BaseNumber.cs', Line: #30)
[11:43:02.726371] 'MainConstructorAttribute' empty constructor (Location: 'Attributes/MainConstructorAttribute.cs', Line: #9)
[11:43:02.742355] 'Month' primary constructor (Location: 'Date/Month.cs', Line: #20)
[11:43:02.759422] 'Month' constructor (Location: 'Date/Month.cs', Line: #29)
[11:43:02.779071] 'MainConstructorAttribute' empty constructor (Location: 'Attributes/MainConstructorAttribute.cs', Line: #9)
[11:43:02.797061] 'Base' primary constructor (Location: 'Bases/Base.cs', Line: #29)
[11:43:02.817895] 'MainConstructorAttribute' empty constructor (Location: 'Attributes/MainConstructorAttribute.cs', Line: #9)
[11:43:02.838144] 'BaseNumber' primary constructor (Location: 'Bases/BaseNumber.cs', Line: #30)
[11:43:02.861636] 'MainConstructorAttribute' empty constructor (Location: 'Attributes/MainConstructorAttribute.cs', Line: #9)
[11:43:02.884348] 'Day' primary constructor (Location: 'Date/Day.cs', Line: #19)
[11:43:02.905282] 'Day' constructor (Location: 'Date/Day.cs', Line: #28)
[11:43:02.926930] 'Date' constructor (Location: 'Date/Date.cs', Line: #367)
[11:43:02.950919] 'MainConstructorAttribute' empty constructor (Location: 'Attributes/MainConstructorAttribute.cs', Line: #9)
[11:43:02.972544] 'Base' primary constructor (Location: 'Bases/Base.cs', Line: #29)
[11:43:02.997343] 'MainConstructorAttribute' empty constructor (Location: 'Attributes/MainConstructorAttribute.cs', Line: #9)
[11:43:03.017976] 'BaseNumber' primary constructor (Location: 'Bases/BaseNumber.cs', Line: #30)
[11:43:03.038328] 'MainConstructorAttribute' empty constructor (Location: 'Attributes/MainConstructorAttribute.cs', Line: #9)
[11:43:03.061137] 'Year' primary constructor (Location: 'Date/Year.cs', Line: #19)
[11:43:03.083228] 'MainConstructorAttribute' empty constructor (Location: 'Attributes/MainConstructorAttribute.cs', Line: #9)
[11:43:03.103692] 'Base' primary constructor (Location: 'Bases/Base.cs', Line: #29)
[11:43:03.121726] 'MainConstructorAttribute' empty constructor (Location: 'Attributes/MainConstructorAttribute.cs', Line: #9)
[11:43:03.140530] 'BaseNumber' primary constructor (Location: 'Bases/BaseNumber.cs', Line: #30)
[11:43:03.161828] 'MainConstructorAttribute' empty constructor (Location: 'Attributes/MainConstructorAttribute.cs', Line: #9)
[11:43:03.183445] 'Month' primary constructor (Location: 'Date/Month.cs', Line: #20)
[11:43:03.206810] 'MainConstructorAttribute' empty constructor (Location: 'Attributes/MainConstructorAttribute.cs', Line: #9)
[11:43:03.228361] 'Base' primary constructor (Location: 'Bases/Base.cs', Line: #29)
[11:43:03.252643] 'MainConstructorAttribute' empty constructor (Location: 'Attributes/MainConstructorAttribute.cs', Line: #9)
[11:43:03.284735] 'BaseNumber' primary constructor (Location: 'Bases/BaseNumber.cs', Line: #30)
[11:43:03.313527] 'MainConstructorAttribute' empty constructor (Location: 'Attributes/MainConstructorAttribute.cs', Line: #9)
[11:43:03.336981] 'Day' primary constructor (Location: 'Date/Day.cs', Line: #19)
[11:43:03.359724] 'ToJSON' function (Location: 'Date/Date.cs', Line: #673)
[11:43:03.677599] 'OnAfterRender' override function (Location: 'Components/Header.razor.cs', Line: #225)
[11:43:03.700345] 'OnAfterRenderAsync' override function (Location: 'Components/Header.razor.cs', Line: #240)
[11:43:03.722461] 'OnAfterRender' override function (Location: 'Pages/Index.razor.cs', Line: #149)
[11:43:03.745726] 'OnAfterRenderAsync' override function (Location: 'Pages/Index.razor.cs', Line: #164)
[14:50:47.177054] -=-=-=-=-=-=-=-=-= APPLICATION_NAME HAS STARTED =-=-=-=-=-=-=-=-=- (Location: 'ZData01/Program.cs', Line: #10)
[14:50:51.054019] 'Header' empty constructor (Location: 'Components/Header.razor.cs', Line: #26)
[14:50:51.084529] 'SetParametersAsync' override function (Location: 'Components/Header.razor.cs', Line: #263)
[14:50:51.108096] 'OnInitialized' override function (Location: 'Components/Header.razor.cs', Line: #40)
[14:50:51.129894] 'OnInitializedAsync' override function (Location: 'Components/Header.razor.cs', Line: #55)
[14:50:51.151261] 'OnParametersSet' override function (Location: 'Components/Header.razor.cs', Line: #78)
[14:50:51.171284] 'OnParametersSetAsync' override function (Location: 'Components/Header.razor.cs', Line: #179)
[14:50:51.193798] 'Index' empty constructor (Location: 'Pages/Index.razor.cs', Line: #23)
[14:50:51.215476] 'MainConstructorAttribute' empty constructor (Location: 'Attributes/MainConstructorAttribute.cs', Line: #9)
[14:50:51.233536] 'Base' primary constructor (Location: 'Bases/Base.cs', Line: #29)
[14:50:51.252441] 'MainConstructorAttribute' empty constructor (Location: 'Attributes/MainConstructorAttribute.cs', Line: #9)
[14:50:51.287839] 'BaseName' primary constructor (Location: 'Bases/BaseName.cs', Line: #25)
[14:50:51.311980] 'MainConstructorAttribute' empty constructor (Location: 'Attributes/MainConstructorAttribute.cs', Line: #9)
[14:50:51.333577] 'Base' primary constructor (Location: 'Bases/Base.cs', Line: #29)
[14:50:51.358063] 'MainConstructorAttribute' empty constructor (Location: 'Attributes/MainConstructorAttribute.cs', Line: #9)
[14:50:51.380278] 'BaseType' primary constructor (Location: 'Bases/BaseType.cs', Line: #21)
[14:50:51.403422] 'BaseType' constructor (Location: 'Bases/BaseType.cs', Line: #167)
[14:50:51.429193] 'MainConstructorAttribute' empty constructor (Location: 'Attributes/MainConstructorAttribute.cs', Line: #9)
[14:50:51.452374] 'Base' primary constructor (Location: 'Bases/Base.cs', Line: #29)
[14:50:51.475411] 'MainConstructorAttribute' empty constructor (Location: 'Attributes/MainConstructorAttribute.cs', Line: #9)
[14:50:51.494421] 'BaseID' primary constructor (Location: 'Bases/BaseID.cs', Line: #27)
[14:50:51.531644] 'MainConstructorAttribute' empty constructor (Location: 'Attributes/MainConstructorAttribute.cs', Line: #9)
[14:50:51.554169] 'BaseID' primary constructor (Location: 'Bases/BaseID.cs', Line: #238)
[14:50:51.578435] 'BaseID' constructor (Location: 'Bases/BaseID.cs', Line: #270)
[14:50:51.608249] 'MainConstructorAttribute' empty constructor (Location: 'Attributes/MainConstructorAttribute.cs', Line: #9)
[14:50:51.630391] 'Base' primary constructor (Location: 'Bases/Base.cs', Line: #29)
[14:50:51.653775] 'MainConstructorAttribute' empty constructor (Location: 'Attributes/MainConstructorAttribute.cs', Line: #9)
[14:50:51.675903] 'BaseID' primary constructor (Location: 'Bases/BaseID.cs', Line: #27)
[14:50:51.700938] 'MainConstructorAttribute' empty constructor (Location: 'Attributes/MainConstructorAttribute.cs', Line: #9)
[14:50:51.719896] 'BaseID' primary constructor (Location: 'Bases/BaseID.cs', Line: #238)
[14:50:51.742772] 'MainConstructorAttribute' empty constructor (Location: 'Attributes/MainConstructorAttribute.cs', Line: #9)
[14:50:51.789656] 'Base' primary constructor (Location: 'Bases/Base.cs', Line: #29)
[14:50:51.807978] 'MainConstructorAttribute' empty constructor (Location: 'Attributes/MainConstructorAttribute.cs', Line: #9)
[14:50:51.824350] 'BaseIdentity' primary constructor (Location: 'Bases/BaseIdentity.cs', Line: #38)
[14:50:51.841790] 'MainConstructorAttribute' empty constructor (Location: 'Attributes/MainConstructorAttribute.cs', Line: #9)
[14:50:51.858042] 'ObjectIdentity' primary constructor (Location: 'Identities/ObjectIdentity.cs', Line: #26)
[14:50:51.881886] 'SetParametersAsync' override function (Location: 'Pages/Index.razor.cs', Line: #187)
[14:50:51.902709] 'OnInitialized' override function (Location: 'Pages/Index.razor.cs', Line: #50)
[14:50:51.923129] 'OnInitializedAsync' override function (Location: 'Pages/Index.razor.cs', Line: #65)
[14:50:51.997344] 'OnParametersSet' override function (Location: 'Pages/Index.razor.cs', Line: #88)
[14:50:52.053873] 'OnParametersSetAsync' override function (Location: 'Pages/Index.razor.cs', Line: #103)
[14:50:52.100382] 'MainConstructorAttribute' empty constructor (Location: 'Attributes/MainConstructorAttribute.cs', Line: #9)
[14:50:52.122062] 'Base' primary constructor (Location: 'Bases/Base.cs', Line: #29)
[14:50:52.145144] 'MainConstructorAttribute' empty constructor (Location: 'Attributes/MainConstructorAttribute.cs', Line: #9)
[14:50:52.166433] 'Moment' primary constructor (Location: 'Moment/Moment.cs', Line: #30)
[14:50:52.189965] 'MainConstructorAttribute' empty constructor (Location: 'Attributes/MainConstructorAttribute.cs', Line: #9)
[14:50:52.210490] 'Base' primary constructor (Location: 'Bases/Base.cs', Line: #29)
[14:50:52.233372] 'MainConstructorAttribute' empty constructor (Location: 'Attributes/MainConstructorAttribute.cs', Line: #9)
[14:50:52.254785] 'Date' primary constructor (Location: 'Date/Date.cs', Line: #35)
[14:50:52.287176] 'MainConstructorAttribute' empty constructor (Location: 'Attributes/MainConstructorAttribute.cs', Line: #9)
[14:50:52.307627] 'Base' primary constructor (Location: 'Bases/Base.cs', Line: #29)
[14:50:52.331299] 'MainConstructorAttribute' empty constructor (Location: 'Attributes/MainConstructorAttribute.cs', Line: #9)
[14:50:52.352948] 'BaseNumber' primary constructor (Location: 'Bases/BaseNumber.cs', Line: #30)
[14:50:52.376751] 'MainConstructorAttribute' empty constructor (Location: 'Attributes/MainConstructorAttribute.cs', Line: #9)
[14:50:52.399616] 'Year' primary constructor (Location: 'Date/Year.cs', Line: #19)
[14:50:52.422859] 'Year' constructor (Location: 'Date/Year.cs', Line: #28)
[14:50:52.445511] 'MainConstructorAttribute' empty constructor (Location: 'Attributes/MainConstructorAttribute.cs', Line: #9)
[14:50:52.467121] 'Base' primary constructor (Location: 'Bases/Base.cs', Line: #29)
[14:50:52.490934] 'MainConstructorAttribute' empty constructor (Location: 'Attributes/MainConstructorAttribute.cs', Line: #9)
[14:50:52.541446] 'BaseNumber' primary constructor (Location: 'Bases/BaseNumber.cs', Line: #30)
[14:50:52.560879] 'MainConstructorAttribute' empty constructor (Location: 'Attributes/MainConstructorAttribute.cs', Line: #9)
[14:50:52.579381] 'Month' primary constructor (Location: 'Date/Month.cs', Line: #20)
[14:50:52.600772] 'Month' constructor (Location: 'Date/Month.cs', Line: #29)
[14:50:52.625480] 'MainConstructorAttribute' empty constructor (Location: 'Attributes/MainConstructorAttribute.cs', Line: #9)
[14:50:52.646831] 'Base' primary constructor (Location: 'Bases/Base.cs', Line: #29)
[14:50:52.668284] 'MainConstructorAttribute' empty constructor (Location: 'Attributes/MainConstructorAttribute.cs', Line: #9)
[14:50:52.686893] 'BaseNumber' primary constructor (Location: 'Bases/BaseNumber.cs', Line: #30)
[14:50:52.708855] 'MainConstructorAttribute' empty constructor (Location: 'Attributes/MainConstructorAttribute.cs', Line: #9)
[14:50:52.728784] 'Day' primary constructor (Location: 'Date/Day.cs', Line: #19)
[14:50:52.748652] 'Day' constructor (Location: 'Date/Day.cs', Line: #28)
[14:50:52.801764] 'Date' constructor (Location: 'Date/Date.cs', Line: #70)
[14:50:52.828511] 'MainConstructorAttribute' empty constructor (Location: 'Attributes/MainConstructorAttribute.cs', Line: #9)
[14:50:52.851397] 'Base' primary constructor (Location: 'Bases/Base.cs', Line: #29)
[14:50:52.875499] 'MainConstructorAttribute' empty constructor (Location: 'Attributes/MainConstructorAttribute.cs', Line: #9)
[14:50:52.899289] 'Time' primary constructor (Location: 'Time/Time.cs', Line: #37)
[14:50:52.922666] 'MainConstructorAttribute' empty constructor (Location: 'Attributes/MainConstructorAttribute.cs', Line: #9)
[14:50:52.942184] 'Base' primary constructor (Location: 'Bases/Base.cs', Line: #29)
[14:50:52.961328] 'MainConstructorAttribute' empty constructor (Location: 'Attributes/MainConstructorAttribute.cs', Line: #9)
[14:50:52.979682] 'BaseNumber' primary constructor (Location: 'Bases/BaseNumber.cs', Line: #30)
[14:50:52.999983] 'MainConstructorAttribute' empty constructor (Location: 'Attributes/MainConstructorAttribute.cs', Line: #9)
[14:50:53.051983] 'Hour' primary constructor (Location: 'Time/Hour.cs', Line: #19)
[14:50:53.076623] 'Hour' constructor (Location: 'Time/Hour.cs', Line: #28)
[14:50:53.100623] 'MainConstructorAttribute' empty constructor (Location: 'Attributes/MainConstructorAttribute.cs', Line: #9)
[14:50:53.123503] 'Base' primary constructor (Location: 'Bases/Base.cs', Line: #29)
[14:50:53.147508] 'MainConstructorAttribute' empty constructor (Location: 'Attributes/MainConstructorAttribute.cs', Line: #9)
[14:50:53.170289] 'BaseNumber' primary constructor (Location: 'Bases/BaseNumber.cs', Line: #30)
[14:50:53.197258] 'MainConstructorAttribute' empty constructor (Location: 'Attributes/MainConstructorAttribute.cs', Line: #9)
[14:50:53.218460] 'Minute' primary constructor (Location: 'Time/Minute.cs', Line: #19)
[14:50:53.240821] 'Minute' constructor (Location: 'Time/Minute.cs', Line: #28)
[14:50:53.264363] 'MainConstructorAttribute' empty constructor (Location: 'Attributes/MainConstructorAttribute.cs', Line: #9)
[14:50:53.303157] 'Base' primary constructor (Location: 'Bases/Base.cs', Line: #29)
[14:50:53.326941] 'MainConstructorAttribute' empty constructor (Location: 'Attributes/MainConstructorAttribute.cs', Line: #9)
[14:50:53.349254] 'BaseNumber' primary constructor (Location: 'Bases/BaseNumber.cs', Line: #30)
[14:50:53.372710] 'MainConstructorAttribute' empty constructor (Location: 'Attributes/MainConstructorAttribute.cs', Line: #9)
[14:50:53.393375] 'Second' primary constructor (Location: 'Time/Second.cs', Line: #19)
[14:50:53.415433] 'Second' constructor (Location: 'Time/Second.cs', Line: #28)
[14:50:53.442215] 'MainConstructorAttribute' empty constructor (Location: 'Attributes/MainConstructorAttribute.cs', Line: #9)
[14:50:53.461872] 'Base' primary constructor (Location: 'Bases/Base.cs', Line: #29)
[14:50:53.483339] 'MainConstructorAttribute' empty constructor (Location: 'Attributes/MainConstructorAttribute.cs', Line: #9)
[14:50:53.503219] 'BaseNumber' primary constructor (Location: 'Bases/BaseNumber.cs', Line: #30)
[14:50:53.543616] 'MainConstructorAttribute' empty constructor (Location: 'Attributes/MainConstructorAttribute.cs', Line: #9)
[14:50:53.563107] 'Millisecond' primary constructor (Location: 'Time/Millisecond.cs', Line: #19)
[14:50:53.582146] 'Millisecond' constructor (Location: 'Time/Millisecond.cs', Line: #28)
[14:50:53.601375] 'Time' constructor (Location: 'Time/Time.cs', Line: #70)
[14:50:53.621870] 'Moment' empty constructor (Location: 'Moment/Moment.cs', Line: #127)
[14:50:53.642956] 'ToJSON' function (Location: 'Bases/Base.cs', Line: #233)
[14:50:54.095183] 'OnAfterRender' override function (Location: 'Components/Header.razor.cs', Line: #225)
[14:50:54.119065] 'OnAfterRenderAsync' override function (Location: 'Components/Header.razor.cs', Line: #240)
[14:50:54.139699] 'OnAfterRender' override function (Location: 'Pages/Index.razor.cs', Line: #149)
[14:50:54.162792] 'OnAfterRenderAsync' override function (Location: 'Pages/Index.razor.cs', Line: #164)
[20:32:51.345302] -=-=-=-=-=-=-=-=-= APPLICATION_NAME HAS STARTED =-=-=-=-=-=-=-=-=- (Location: 'ZData01/Program.cs', Line: #10)
[20:32:55.481422] 'Header' empty constructor (Location: 'Components/Header.razor.cs', Line: #26)
[20:32:55.519417] 'SetParametersAsync' override function (Location: 'Components/Header.razor.cs', Line: #263)
[20:32:55.546119] 'OnInitialized' override function (Location: 'Components/Header.razor.cs', Line: #40)
[20:32:55.566152] 'OnInitializedAsync' override function (Location: 'Components/Header.razor.cs', Line: #55)
[20:32:55.589169] 'OnParametersSet' override function (Location: 'Components/Header.razor.cs', Line: #78)
[20:32:55.610285] 'OnParametersSetAsync' override function (Location: 'Components/Header.razor.cs', Line: #179)
[20:32:55.634194] 'Index' empty constructor (Location: 'Pages/Index.razor.cs', Line: #23)
[20:32:55.661337] 'MainConstructorAttribute' empty constructor (Location: 'Attributes/MainConstructorAttribute.cs', Line: #9)
[20:32:55.684985] 'Base' primary constructor (Location: 'Bases/Base.cs', Line: #29)
[20:32:55.725809] 'MainConstructorAttribute' empty constructor (Location: 'Attributes/MainConstructorAttribute.cs', Line: #9)
[20:32:55.750627] 'BaseName' primary constructor (Location: 'Bases/BaseName.cs', Line: #25)
[20:32:55.776301] 'MainConstructorAttribute' empty constructor (Location: 'Attributes/MainConstructorAttribute.cs', Line: #9)
[20:32:55.796690] 'Base' primary constructor (Location: 'Bases/Base.cs', Line: #29)
[20:32:55.819571] 'MainConstructorAttribute' empty constructor (Location: 'Attributes/MainConstructorAttribute.cs', Line: #9)
[20:32:55.841858] 'BaseType' primary constructor (Location: 'Bases/BaseType.cs', Line: #21)
[20:32:55.865690] 'BaseType' constructor (Location: 'Bases/BaseType.cs', Line: #167)
[20:32:55.890823] 'MainConstructorAttribute' empty constructor (Location: 'Attributes/MainConstructorAttribute.cs', Line: #9)
[20:32:55.915457] 'Base' primary constructor (Location: 'Bases/Base.cs', Line: #29)
[20:32:55.941655] 'MainConstructorAttribute' empty constructor (Location: 'Attributes/MainConstructorAttribute.cs', Line: #9)
[20:32:55.965828] 'BaseID' primary constructor (Location: 'Bases/BaseID.cs', Line: #27)
[20:32:55.991683] 'MainConstructorAttribute' empty constructor (Location: 'Attributes/MainConstructorAttribute.cs', Line: #9)
[20:32:56.013048] 'BaseID' primary constructor (Location: 'Bases/BaseID.cs', Line: #238)
[20:32:56.045563] 'BaseID' constructor (Location: 'Bases/BaseID.cs', Line: #270)
[20:32:56.073544] 'MainConstructorAttribute' empty constructor (Location: 'Attributes/MainConstructorAttribute.cs', Line: #9)
[20:32:56.093929] 'Base' primary constructor (Location: 'Bases/Base.cs', Line: #29)
[20:32:56.118634] 'MainConstructorAttribute' empty constructor (Location: 'Attributes/MainConstructorAttribute.cs', Line: #9)
[20:32:56.141165] 'BaseID' primary constructor (Location: 'Bases/BaseID.cs', Line: #27)
[20:32:56.165013] 'MainConstructorAttribute' empty constructor (Location: 'Attributes/MainConstructorAttribute.cs', Line: #9)
[20:32:56.186316] 'BaseID' primary constructor (Location: 'Bases/BaseID.cs', Line: #238)
[20:32:56.208819] 'MainConstructorAttribute' empty constructor (Location: 'Attributes/MainConstructorAttribute.cs', Line: #9)
[20:32:56.234528] 'Base' primary constructor (Location: 'Bases/Base.cs', Line: #29)
[20:32:56.258503] 'MainConstructorAttribute' empty constructor (Location: 'Attributes/MainConstructorAttribute.cs', Line: #9)
[20:32:56.280917] 'BaseIdentity' primary constructor (Location: 'Bases/BaseIdentity.cs', Line: #38)
[20:32:56.301250] 'MainConstructorAttribute' empty constructor (Location: 'Attributes/MainConstructorAttribute.cs', Line: #9)
[20:32:56.318519] 'ObjectIdentity' primary constructor (Location: 'Identities/ObjectIdentity.cs', Line: #26)
[20:32:56.343747] 'SetParametersAsync' override function (Location: 'Pages/Index.razor.cs', Line: #187)
[20:32:56.366752] 'OnInitialized' override function (Location: 'Pages/Index.razor.cs', Line: #50)
[20:32:56.390096] 'OnInitializedAsync' override function (Location: 'Pages/Index.razor.cs', Line: #65)
[20:32:56.414081] 'OnParametersSet' override function (Location: 'Pages/Index.razor.cs', Line: #88)
[20:32:56.438120] 'OnParametersSetAsync' override function (Location: 'Pages/Index.razor.cs', Line: #103)
[20:33:10.869965] 'OnAfterRender' override function (Location: 'Components/Header.razor.cs', Line: #225)
[20:33:10.916932] 'OnAfterRenderAsync' override function (Location: 'Components/Header.razor.cs', Line: #240)
[20:33:10.959596] 'OnAfterRender' override function (Location: 'Pages/Index.razor.cs', Line: #149)
[20:33:11.004552] 'OnAfterRenderAsync' override function (Location: 'Pages/Index.razor.cs', Line: #164)
[20:35:05.449869] -=-=-=-=-=-=-=-=-= APPLICATION_NAME HAS STARTED =-=-=-=-=-=-=-=-=- (Location: 'ZData01/Program.cs', Line: #10)
[20:35:08.884318] 'Header' empty constructor (Location: 'Components/Header.razor.cs', Line: #26)
[20:35:08.912646] 'SetParametersAsync' override function (Location: 'Components/Header.razor.cs', Line: #263)
[20:35:08.937350] 'OnInitialized' override function (Location: 'Components/Header.razor.cs', Line: #40)
[20:35:08.957586] 'OnInitializedAsync' override function (Location: 'Components/Header.razor.cs', Line: #55)
[20:35:08.979764] 'OnParametersSet' override function (Location: 'Components/Header.razor.cs', Line: #78)
[20:35:09.001570] 'OnParametersSetAsync' override function (Location: 'Components/Header.razor.cs', Line: #179)
[20:35:09.030622] 'Index' empty constructor (Location: 'Pages/Index.razor.cs', Line: #23)
[20:35:09.064088] 'MainConstructorAttribute' empty constructor (Location: 'Attributes/MainConstructorAttribute.cs', Line: #9)
[20:35:09.085101] 'Base' primary constructor (Location: 'Bases/Base.cs', Line: #29)
[20:35:09.149603] 'MainConstructorAttribute' empty constructor (Location: 'Attributes/MainConstructorAttribute.cs', Line: #9)
[20:35:09.168173] 'BaseName' primary constructor (Location: 'Bases/BaseName.cs', Line: #25)
[20:35:09.192161] 'MainConstructorAttribute' empty constructor (Location: 'Attributes/MainConstructorAttribute.cs', Line: #9)
[20:35:09.210548] 'Base' primary constructor (Location: 'Bases/Base.cs', Line: #29)
[20:35:09.230602] 'MainConstructorAttribute' empty constructor (Location: 'Attributes/MainConstructorAttribute.cs', Line: #9)
[20:35:09.255920] 'BaseType' primary constructor (Location: 'Bases/BaseType.cs', Line: #21)
[20:35:09.292001] 'BaseType' constructor (Location: 'Bases/BaseType.cs', Line: #167)
[20:35:09.318360] 'MainConstructorAttribute' empty constructor (Location: 'Attributes/MainConstructorAttribute.cs', Line: #9)
[20:35:09.337586] 'Base' primary constructor (Location: 'Bases/Base.cs', Line: #29)
[20:35:09.355562] 'MainConstructorAttribute' empty constructor (Location: 'Attributes/MainConstructorAttribute.cs', Line: #9)
[20:35:09.387810] 'BaseID' primary constructor (Location: 'Bases/BaseID.cs', Line: #27)
[20:35:09.420798] 'MainConstructorAttribute' empty constructor (Location: 'Attributes/MainConstructorAttribute.cs', Line: #9)
[20:35:09.463571] 'BaseID' primary constructor (Location: 'Bases/BaseID.cs', Line: #238)
[20:35:09.481701] 'BaseID' constructor (Location: 'Bases/BaseID.cs', Line: #270)
[20:35:09.511223] 'MainConstructorAttribute' empty constructor (Location: 'Attributes/MainConstructorAttribute.cs', Line: #9)
[20:35:09.542104] 'Base' primary constructor (Location: 'Bases/Base.cs', Line: #29)
[20:35:09.569058] 'MainConstructorAttribute' empty constructor (Location: 'Attributes/MainConstructorAttribute.cs', Line: #9)
[20:35:09.587998] 'BaseID' primary constructor (Location: 'Bases/BaseID.cs', Line: #27)
[20:35:09.606833] 'MainConstructorAttribute' empty constructor (Location: 'Attributes/MainConstructorAttribute.cs', Line: #9)
[20:35:09.629252] 'BaseID' primary constructor (Location: 'Bases/BaseID.cs', Line: #238)
[20:35:09.647491] 'MainConstructorAttribute' empty constructor (Location: 'Attributes/MainConstructorAttribute.cs', Line: #9)
[20:35:09.665245] 'Base' primary constructor (Location: 'Bases/Base.cs', Line: #29)
[20:35:09.683201] 'MainConstructorAttribute' empty constructor (Location: 'Attributes/MainConstructorAttribute.cs', Line: #9)
[20:35:09.700777] 'BaseIdentity' primary constructor (Location: 'Bases/BaseIdentity.cs', Line: #38)
[20:35:09.719595] 'MainConstructorAttribute' empty constructor (Location: 'Attributes/MainConstructorAttribute.cs', Line: #9)
[20:35:09.736635] 'ObjectIdentity' primary constructor (Location: 'Identities/ObjectIdentity.cs', Line: #26)
[20:35:09.757980] 'SetParametersAsync' override function (Location: 'Pages/Index.razor.cs', Line: #187)
[20:35:09.778208] 'OnInitialized' override function (Location: 'Pages/Index.razor.cs', Line: #50)
[20:35:09.798510] 'OnInitializedAsync' override function (Location: 'Pages/Index.razor.cs', Line: #65)
[20:35:09.815975] 'OnParametersSet' override function (Location: 'Pages/Index.razor.cs', Line: #88)
[20:35:09.833230] 'OnParametersSetAsync' override function (Location: 'Pages/Index.razor.cs', Line: #103)
[20:35:10.899965] 'OnAfterRender' override function (Location: 'Components/Header.razor.cs', Line: #225)
[20:35:10.929063] 'OnAfterRenderAsync' override function (Location: 'Components/Header.razor.cs', Line: #240)
[20:35:11.009960] 'OnAfterRender' override function (Location: 'Pages/Index.razor.cs', Line: #149)
[20:35:11.028523] 'OnAfterRenderAsync' override function (Location: 'Pages/Index.razor.cs', Line: #164)
[21:35:09.767782] -=-=-=-=-=-=-=-=-= APPLICATION_NAME HAS STARTED =-=-=-=-=-=-=-=-=- (Location: 'ZData01/Program.cs', Line: #9)
[21:35:36.756481] -=-=-=-=-=-=-=-=-= APPLICATION_NAME HAS STARTED =-=-=-=-=-=-=-=-=- (Location: 'ZData01/Program.cs', Line: #9)
[21:35:39.471217] 'Header' empty constructor (Location: 'Components/Header.razor.cs', Line: #26)
[21:35:39.498897] 'SetParametersAsync' override function (Location: 'Components/Header.razor.cs', Line: #263)
[21:35:39.527331] 'OnInitialized' override function (Location: 'Components/Header.razor.cs', Line: #40)
[21:35:39.548710] 'OnInitializedAsync' override function (Location: 'Components/Header.razor.cs', Line: #55)
[21:35:39.570992] 'OnParametersSet' override function (Location: 'Components/Header.razor.cs', Line: #78)
[21:35:39.593396] 'OnParametersSetAsync' override function (Location: 'Components/Header.razor.cs', Line: #179)
[21:35:39.619861] 'Index' empty constructor (Location: 'Pages/Index.razor.cs', Line: #23)
[21:35:39.643303] 'MainConstructorAttribute' empty constructor (Location: 'Attributes/MainConstructorAttribute.cs', Line: #9)
[21:35:39.664902] 'Base' primary constructor (Location: 'Bases/Base.cs', Line: #29)
[21:35:39.689640] 'MainConstructorAttribute' empty constructor (Location: 'Attributes/MainConstructorAttribute.cs', Line: #9)
[21:35:39.711284] 'BaseName' primary constructor (Location: 'Bases/BaseName.cs', Line: #25)
[21:35:39.737660] 'MainConstructorAttribute' empty constructor (Location: 'Attributes/MainConstructorAttribute.cs', Line: #9)
[21:35:39.758463] 'Base' primary constructor (Location: 'Bases/Base.cs', Line: #29)
[21:35:39.779638] 'MainConstructorAttribute' empty constructor (Location: 'Attributes/MainConstructorAttribute.cs', Line: #9)
[21:35:39.801304] 'BaseType' primary constructor (Location: 'Bases/BaseType.cs', Line: #21)
[21:35:39.821185] 'BaseType' constructor (Location: 'Bases/BaseType.cs', Line: #167)
[21:35:39.843670] 'MainConstructorAttribute' empty constructor (Location: 'Attributes/MainConstructorAttribute.cs', Line: #9)
[21:35:39.864747] 'Base' primary constructor (Location: 'Bases/Base.cs', Line: #29)
[21:35:39.889489] 'MainConstructorAttribute' empty constructor (Location: 'Attributes/MainConstructorAttribute.cs', Line: #9)
[21:35:39.912490] 'BaseID' primary constructor (Location: 'Bases/BaseID.cs', Line: #27)
[21:35:39.936921] 'MainConstructorAttribute' empty constructor (Location: 'Attributes/MainConstructorAttribute.cs', Line: #9)
[21:35:39.958514] 'BaseID' primary constructor (Location: 'Bases/BaseID.cs', Line: #238)
[21:35:39.980827] 'BaseID' constructor (Location: 'Bases/BaseID.cs', Line: #270)
[21:35:40.008041] 'MainConstructorAttribute' empty constructor (Location: 'Attributes/MainConstructorAttribute.cs', Line: #9)
[21:35:40.031721] 'Base' primary constructor (Location: 'Bases/Base.cs', Line: #29)
[21:35:40.057817] 'MainConstructorAttribute' empty constructor (Location: 'Attributes/MainConstructorAttribute.cs', Line: #9)
[21:35:40.080314] 'BaseID' primary constructor (Location: 'Bases/BaseID.cs', Line: #27)
[21:35:40.101483] 'MainConstructorAttribute' empty constructor (Location: 'Attributes/MainConstructorAttribute.cs', Line: #9)
[21:35:40.120202] 'BaseID' primary constructor (Location: 'Bases/BaseID.cs', Line: #238)
[21:35:40.152128] 'MainConstructorAttribute' empty constructor (Location: 'Attributes/MainConstructorAttribute.cs', Line: #9)
[21:35:40.175663] 'Base' primary constructor (Location: 'Bases/Base.cs', Line: #29)
[21:35:40.197318] 'MainConstructorAttribute' empty constructor (Location: 'Attributes/MainConstructorAttribute.cs', Line: #9)
[21:35:40.218916] 'BaseIdentity' primary constructor (Location: 'Bases/BaseIdentity.cs', Line: #38)
[21:35:40.239128] 'MainConstructorAttribute' empty constructor (Location: 'Attributes/MainConstructorAttribute.cs', Line: #9)
[21:35:40.258959] 'ObjectIdentity' primary constructor (Location: 'Identities/ObjectIdentity.cs', Line: #26)
[21:35:40.281091] 'SetParametersAsync' override function (Location: 'Pages/Index.razor.cs', Line: #187)
[21:35:40.301023] 'OnInitialized' override function (Location: 'Pages/Index.razor.cs', Line: #50)
[21:35:40.323416] 'OnInitializedAsync' override function (Location: 'Pages/Index.razor.cs', Line: #65)
[21:35:40.346651] 'OnParametersSet' override function (Location: 'Pages/Index.razor.cs', Line: #88)
[21:35:40.368829] 'OnParametersSetAsync' override function (Location: 'Pages/Index.razor.cs', Line: #103)
[21:35:54.175247] 'OnAfterRender' override function (Location: 'Components/Header.razor.cs', Line: #225)
[21:35:54.238420] 'OnAfterRenderAsync' override function (Location: 'Components/Header.razor.cs', Line: #240)
[21:35:54.299117] 'OnAfterRender' override function (Location: 'Pages/Index.razor.cs', Line: #149)
[21:35:54.336634] 'OnAfterRenderAsync' override function (Location: 'Pages/Index.razor.cs', Line: #164)
[21:54:28.579601] -=-=-=-=-=-=-=-=-= APPLICATION_NAME HAS STARTED =-=-=-=-=-=-=-=-=- (Location: 'ZData01/Program.cs', Line: #9)
[21:54:42.823029] -=-=-=-=-=-=-=-=-= APPLICATION_NAME HAS STARTED =-=-=-=-=-=-=-=-=- (Location: 'ZData01/Program.cs', Line: #9)
[21:54:45.622865] 'Header' empty constructor (Location: 'Components/Header.razor.cs', Line: #26)
[21:54:45.652129] 'SetParametersAsync' override function (Location: 'Components/Header.razor.cs', Line: #263)
[21:54:45.673055] 'OnInitialized' override function (Location: 'Components/Header.razor.cs', Line: #40)
[21:54:45.694146] 'OnInitializedAsync' override function (Location: 'Components/Header.razor.cs', Line: #55)
[21:54:45.712395] 'OnParametersSet' override function (Location: 'Components/Header.razor.cs', Line: #78)
[21:54:45.731217] 'OnParametersSetAsync' override function (Location: 'Components/Header.razor.cs', Line: #179)
[21:54:45.750687] 'Index' empty constructor (Location: 'Pages/Index.razor.cs', Line: #23)
[21:54:45.769603] 'MainConstructorAttribute' empty constructor (Location: 'Attributes/MainConstructorAttribute.cs', Line: #9)
[21:54:45.787673] 'Base' primary constructor (Location: 'Bases/Base.cs', Line: #29)
[21:54:45.805846] 'MainConstructorAttribute' empty constructor (Location: 'Attributes/MainConstructorAttribute.cs', Line: #9)
[21:54:45.824970] 'BaseName' primary constructor (Location: 'Bases/BaseName.cs', Line: #25)
[21:54:45.847752] 'MainConstructorAttribute' empty constructor (Location: 'Attributes/MainConstructorAttribute.cs', Line: #9)
[21:54:45.868913] 'Base' primary constructor (Location: 'Bases/Base.cs', Line: #29)
[21:54:45.892448] 'MainConstructorAttribute' empty constructor (Location: 'Attributes/MainConstructorAttribute.cs', Line: #9)
[21:54:45.910692] 'BaseType' primary constructor (Location: 'Bases/BaseType.cs', Line: #21)
[21:54:45.929757] 'BaseType' constructor (Location: 'Bases/BaseType.cs', Line: #167)
[21:54:45.951513] 'MainConstructorAttribute' empty constructor (Location: 'Attributes/MainConstructorAttribute.cs', Line: #9)
[21:54:45.970227] 'Base' primary constructor (Location: 'Bases/Base.cs', Line: #29)
[21:54:45.992658] 'MainConstructorAttribute' empty constructor (Location: 'Attributes/MainConstructorAttribute.cs', Line: #9)
[21:54:46.022180] 'BaseID' primary constructor (Location: 'Bases/BaseID.cs', Line: #27)
[21:54:46.046555] 'MainConstructorAttribute' empty constructor (Location: 'Attributes/MainConstructorAttribute.cs', Line: #9)
[21:54:46.064866] 'BaseID' primary constructor (Location: 'Bases/BaseID.cs', Line: #238)
[21:54:46.084413] 'BaseID' constructor (Location: 'Bases/BaseID.cs', Line: #270)
[21:54:46.116735] 'MainConstructorAttribute' empty constructor (Location: 'Attributes/MainConstructorAttribute.cs', Line: #9)
[21:54:46.134424] 'Base' primary constructor (Location: 'Bases/Base.cs', Line: #29)
[21:54:46.153405] 'MainConstructorAttribute' empty constructor (Location: 'Attributes/MainConstructorAttribute.cs', Line: #9)
[21:54:46.170356] 'BaseID' primary constructor (Location: 'Bases/BaseID.cs', Line: #27)
[21:54:46.189542] 'MainConstructorAttribute' empty constructor (Location: 'Attributes/MainConstructorAttribute.cs', Line: #9)
[21:54:46.207341] 'BaseID' primary constructor (Location: 'Bases/BaseID.cs', Line: #238)
[21:54:46.229598] 'MainConstructorAttribute' empty constructor (Location: 'Attributes/MainConstructorAttribute.cs', Line: #9)
[21:54:46.248171] 'Base' primary constructor (Location: 'Bases/Base.cs', Line: #29)
[21:54:46.267140] 'MainConstructorAttribute' empty constructor (Location: 'Attributes/MainConstructorAttribute.cs', Line: #9)
[21:54:46.284269] 'BaseIdentity' primary constructor (Location: 'Bases/BaseIdentity.cs', Line: #38)
[21:54:46.305184] 'MainConstructorAttribute' empty constructor (Location: 'Attributes/MainConstructorAttribute.cs', Line: #9)
[21:54:46.322622] 'ObjectIdentity' primary constructor (Location: 'Identities/ObjectIdentity.cs', Line: #26)
[21:54:46.347942] 'SetParametersAsync' override function (Location: 'Pages/Index.razor.cs', Line: #187)
[21:54:46.373847] 'OnInitialized' override function (Location: 'Pages/Index.razor.cs', Line: #50)
[21:54:46.393349] 'OnInitializedAsync' override function (Location: 'Pages/Index.razor.cs', Line: #65)
[21:54:46.418982] 'OnParametersSet' override function (Location: 'Pages/Index.razor.cs', Line: #88)
[21:54:46.436434] 'OnParametersSetAsync' override function (Location: 'Pages/Index.razor.cs', Line: #103)
[21:54:50.091131] 'OnAfterRender' override function (Location: 'Components/Header.razor.cs', Line: #225)
[21:54:50.132815] 'OnAfterRenderAsync' override function (Location: 'Components/Header.razor.cs', Line: #240)
[21:54:50.153582] 'OnAfterRender' override function (Location: 'Pages/Index.razor.cs', Line: #149)
[21:54:50.175130] 'OnAfterRenderAsync' override function (Location: 'Pages/Index.razor.cs', Line: #164)
[23:55:36.890173] -=-=-=-=-=-=-=-=-= APPLICATION_NAME HAS STARTED =-=-=-=-=-=-=-=-=- (Location: 'ZData01/Program.cs', Line: #9)
[23:55:40.238770] 'Header' empty constructor (Location: 'Components/Header.razor.cs', Line: #26)
[23:55:40.284259] 'SetParametersAsync' override function (Location: 'Components/Header.razor.cs', Line: #263)
[23:55:40.307732] 'OnInitialized' override function (Location: 'Components/Header.razor.cs', Line: #40)
[23:55:40.329839] 'OnInitializedAsync' override function (Location: 'Components/Header.razor.cs', Line: #55)
[23:55:40.353649] 'OnParametersSet' override function (Location: 'Components/Header.razor.cs', Line: #78)
[23:55:40.378788] 'OnParametersSetAsync' override function (Location: 'Components/Header.razor.cs', Line: #179)
[23:55:40.404495] 'Index' empty constructor (Location: 'Pages/Index.razor.cs', Line: #23)
[23:55:40.428808] 'MainConstructorAttribute' empty constructor (Location: 'Attributes/MainConstructorAttribute.cs', Line: #9)
[23:55:40.447737] 'Base' primary constructor (Location: 'Bases/Base.cs', Line: #29)
[23:55:40.467828] 'MainConstructorAttribute' empty constructor (Location: 'Attributes/MainConstructorAttribute.cs', Line: #9)
[23:55:40.488174] 'BaseName' primary constructor (Location: 'Bases/BaseName.cs', Line: #25)
[23:55:40.526023] 'MainConstructorAttribute' empty constructor (Location: 'Attributes/MainConstructorAttribute.cs', Line: #9)
[23:55:40.550804] 'Base' primary constructor (Location: 'Bases/Base.cs', Line: #29)
[23:55:40.569695] 'MainConstructorAttribute' empty constructor (Location: 'Attributes/MainConstructorAttribute.cs', Line: #9)
[23:55:40.609049] 'BaseType' primary constructor (Location: 'Bases/BaseType.cs', Line: #21)
[23:55:40.641356] 'BaseType' constructor (Location: 'Bases/BaseType.cs', Line: #167)
[23:55:40.660323] 'MainConstructorAttribute' empty constructor (Location: 'Attributes/MainConstructorAttribute.cs', Line: #9)
[23:55:40.698531] 'Base' primary constructor (Location: 'Bases/Base.cs', Line: #29)
[23:55:40.740513] 'MainConstructorAttribute' empty constructor (Location: 'Attributes/MainConstructorAttribute.cs', Line: #9)
[23:55:40.783216] 'BaseID' primary constructor (Location: 'Bases/BaseID.cs', Line: #27)
[23:55:40.801403] 'MainConstructorAttribute' empty constructor (Location: 'Attributes/MainConstructorAttribute.cs', Line: #9)
[23:55:40.840409] 'BaseID' primary constructor (Location: 'Bases/BaseID.cs', Line: #238)
[23:55:40.872263] 'BaseID' constructor (Location: 'Bases/BaseID.cs', Line: #270)
[23:55:40.893302] 'MainConstructorAttribute' empty constructor (Location: 'Attributes/MainConstructorAttribute.cs', Line: #9)
[23:55:40.911343] 'Base' primary constructor (Location: 'Bases/Base.cs', Line: #29)
[23:55:40.928977] 'MainConstructorAttribute' empty constructor (Location: 'Attributes/MainConstructorAttribute.cs', Line: #9)
[23:55:40.945985] 'BaseID' primary constructor (Location: 'Bases/BaseID.cs', Line: #27)
[23:55:40.964315] 'MainConstructorAttribute' empty constructor (Location: 'Attributes/MainConstructorAttribute.cs', Line: #9)
[23:55:40.983088] 'BaseID' primary constructor (Location: 'Bases/BaseID.cs', Line: #238)
[23:55:41.002728] 'MainConstructorAttribute' empty constructor (Location: 'Attributes/MainConstructorAttribute.cs', Line: #9)
[23:55:41.023879] 'Base' primary constructor (Location: 'Bases/Base.cs', Line: #29)
[23:55:41.042668] 'MainConstructorAttribute' empty constructor (Location: 'Attributes/MainConstructorAttribute.cs', Line: #9)
[23:55:41.060101] 'BaseIdentity' primary constructor (Location: 'Bases/BaseIdentity.cs', Line: #38)
[23:55:41.079256] 'MainConstructorAttribute' empty constructor (Location: 'Attributes/MainConstructorAttribute.cs', Line: #9)
[23:55:41.096571] 'ObjectIdentity' primary constructor (Location: 'Identities/ObjectIdentity.cs', Line: #26)
[23:55:41.119135] 'SetParametersAsync' override function (Location: 'Pages/Index.razor.cs', Line: #187)
[23:55:41.140052] 'OnInitialized' override function (Location: 'Pages/Index.razor.cs', Line: #50)
[23:55:41.164372] 'OnInitializedAsync' override function (Location: 'Pages/Index.razor.cs', Line: #65)
[23:55:41.188352] 'OnParametersSet' override function (Location: 'Pages/Index.razor.cs', Line: #88)
[23:55:41.210143] 'OnParametersSetAsync' override function (Location: 'Pages/Index.razor.cs', Line: #103)
[23:55:54.890257] 'OnAfterRender' override function (Location: 'Components/Header.razor.cs', Line: #225)
[23:55:54.937403] 'OnAfterRenderAsync' override function (Location: 'Components/Header.razor.cs', Line: #240)
[23:55:54.970881] 'OnAfterRender' override function (Location: 'Pages/Index.razor.cs', Line: #149)
[23:55:55.023355] 'OnAfterRenderAsync' override function (Location: 'Pages/Index.razor.cs', Line: #164)
