[16:37:51.237260] 'Index' empty constructor (Location: 'Pages/Index.razor.cs', Line: #16)
[16:37:51.290809] 'Base' primary constructor (Location: 'Bases/Base.cs', Line: #19)
[16:37:51.318561] 'BaseID' constructor (Location: 'Bases/BaseID.cs', Line: #18)
[16:37:51.342669] 'PrimaryConstructorAttribute' empty constructor (Location: 'Attributes/PrimaryConstructorAttribute.cs', Line: #9)
[16:37:51.368055] 'BaseID' primary constructor (Location: 'Bases/BaseID.cs', Line: #155)
[16:37:51.386920] 'BaseID' constructor (Location: 'Bases/BaseID.cs', Line: #159)
[16:37:51.417883] 'BaseID' constructor (Location: 'Bases/BaseID.cs', Line: #183)
[16:37:51.438561] 'ToJSON' function (Location: 'Bases/BaseID.cs', Line: #66)
[16:37:51.882718] 'Index' empty constructor (Location: 'Pages/Index.razor.cs', Line: #16)
[16:37:51.898296] 'Base' primary constructor (Location: 'Bases/Base.cs', Line: #19)
[16:37:51.931181] 'BaseID' constructor (Location: 'Bases/BaseID.cs', Line: #18)
[16:37:51.971539] 'PrimaryConstructorAttribute' empty constructor (Location: 'Attributes/PrimaryConstructorAttribute.cs', Line: #9)
[16:37:51.986388] 'BaseID' primary constructor (Location: 'Bases/BaseID.cs', Line: #155)
[16:37:52.002484] 'BaseID' constructor (Location: 'Bases/BaseID.cs', Line: #159)
[16:37:52.018746] 'BaseID' constructor (Location: 'Bases/BaseID.cs', Line: #183)
[16:37:52.035047] 'ToJSON' function (Location: 'Bases/BaseID.cs', Line: #66)
[16:52:27.155358] 'Index' empty constructor (Location: 'Pages/Index.razor.cs', Line: #16)
[16:52:27.196847] 'Base' primary constructor (Location: 'Bases/Base.cs', Line: #19)
[16:52:27.219663] 'BaseID' constructor (Location: 'Bases/BaseID.cs', Line: #18)
[16:52:27.250517] 'PrimaryConstructorAttribute' empty constructor (Location: 'Attributes/PrimaryConstructorAttribute.cs', Line: #9)
[16:52:27.278841] 'BaseID' primary constructor (Location: 'Bases/BaseID.cs', Line: #155)
[16:52:27.298603] 'BaseID' constructor (Location: 'Bases/BaseID.cs', Line: #159)
[16:52:27.330983] 'BaseID' constructor (Location: 'Bases/BaseID.cs', Line: #183)
[16:52:27.364448] 'ToJSON' function (Location: 'Bases/BaseID.cs', Line: #66)
[16:52:27.776163] 'Index' empty constructor (Location: 'Pages/Index.razor.cs', Line: #16)
[16:52:27.798878] 'Base' primary constructor (Location: 'Bases/Base.cs', Line: #19)
[16:52:27.820625] 'BaseID' constructor (Location: 'Bases/BaseID.cs', Line: #18)
[16:52:27.847895] 'PrimaryConstructorAttribute' empty constructor (Location: 'Attributes/PrimaryConstructorAttribute.cs', Line: #9)
[16:52:27.869701] 'BaseID' primary constructor (Location: 'Bases/BaseID.cs', Line: #155)
[16:52:27.898053] 'BaseID' constructor (Location: 'Bases/BaseID.cs', Line: #159)
[16:52:27.920622] 'BaseID' constructor (Location: 'Bases/BaseID.cs', Line: #183)
[16:52:27.938876] 'ToJSON' function (Location: 'Bases/BaseID.cs', Line: #66)
[16:54:39.990401] 'Index' empty constructor (Location: 'Pages/Index.razor.cs', Line: #16)
[16:54:40.034538] 'Base' primary constructor (Location: 'Bases/Base.cs', Line: #19)
[16:54:40.062819] 'BaseID' constructor (Location: 'Bases/BaseID.cs', Line: #18)
[16:54:40.089138] 'PrimaryConstructorAttribute' empty constructor (Location: 'Attributes/PrimaryConstructorAttribute.cs', Line: #9)
[16:54:40.119543] 'BaseID' primary constructor (Location: 'Bases/BaseID.cs', Line: #155)
[16:54:40.140309] 'BaseID' constructor (Location: 'Bases/BaseID.cs', Line: #159)
[16:54:40.175776] 'BaseID' constructor (Location: 'Bases/BaseID.cs', Line: #183)
[16:54:40.200575] 'ToJSON' function (Location: 'Bases/BaseID.cs', Line: #66)
[16:54:40.532020] 'Index' empty constructor (Location: 'Pages/Index.razor.cs', Line: #16)
[16:54:40.551545] 'Base' primary constructor (Location: 'Bases/Base.cs', Line: #19)
[16:54:40.572669] 'BaseID' constructor (Location: 'Bases/BaseID.cs', Line: #18)
[16:54:40.602968] 'PrimaryConstructorAttribute' empty constructor (Location: 'Attributes/PrimaryConstructorAttribute.cs', Line: #9)
[16:54:40.623420] 'BaseID' primary constructor (Location: 'Bases/BaseID.cs', Line: #155)
[16:54:40.642574] 'BaseID' constructor (Location: 'Bases/BaseID.cs', Line: #159)
[16:54:40.664824] 'BaseID' constructor (Location: 'Bases/BaseID.cs', Line: #183)
[16:54:40.686175] 'ToJSON' function (Location: 'Bases/BaseID.cs', Line: #66)
[19:48:01.384414] 'Index' empty constructor (Location: 'Pages/Index.razor.cs', Line: #16)
[19:48:01.439761] 'Base' primary constructor (Location: 'Bases/Base.cs', Line: #19)
[19:48:01.481578] 'BaseID' constructor (Location: 'Bases/BaseID.cs', Line: #18)
[19:48:01.505582] 'PrimaryConstructorAttribute' empty constructor (Location: 'Attributes/PrimaryConstructorAttribute.cs', Line: #9)
[19:48:01.527475] 'BaseID' primary constructor (Location: 'Bases/BaseID.cs', Line: #155)
[19:48:01.569066] 'BaseID' constructor (Location: 'Bases/BaseID.cs', Line: #159)
[19:48:01.596628] 'BaseID' constructor (Location: 'Bases/BaseID.cs', Line: #183)
[19:48:01.628937] 'ToJSON' function (Location: 'Bases/BaseID.cs', Line: #66)
[19:48:02.166824] 'Index' empty constructor (Location: 'Pages/Index.razor.cs', Line: #16)
[19:48:02.198702] 'Base' primary constructor (Location: 'Bases/Base.cs', Line: #19)
[19:48:02.222413] 'BaseID' constructor (Location: 'Bases/BaseID.cs', Line: #18)
[19:48:02.244854] 'PrimaryConstructorAttribute' empty constructor (Location: 'Attributes/PrimaryConstructorAttribute.cs', Line: #9)
[19:48:02.266335] 'BaseID' primary constructor (Location: 'Bases/BaseID.cs', Line: #155)
[19:48:02.287353] 'BaseID' constructor (Location: 'Bases/BaseID.cs', Line: #159)
[19:48:02.310523] 'BaseID' constructor (Location: 'Bases/BaseID.cs', Line: #183)
[19:48:02.334930] 'ToJSON' function (Location: 'Bases/BaseID.cs', Line: #66)
[19:48:53.026585] 'Index' empty constructor (Location: 'Pages/Index.razor.cs', Line: #16)
[19:48:53.074433] 'Base' primary constructor (Location: 'Bases/Base.cs', Line: #19)
[19:48:53.096432] 'BaseID' constructor (Location: 'Bases/BaseID.cs', Line: #18)
[19:48:53.122524] 'PrimaryConstructorAttribute' empty constructor (Location: 'Attributes/PrimaryConstructorAttribute.cs', Line: #9)
[19:48:53.160004] 'BaseID' primary constructor (Location: 'Bases/BaseID.cs', Line: #155)
[19:48:53.188578] 'BaseID' constructor (Location: 'Bases/BaseID.cs', Line: #159)
[19:48:53.213856] 'BaseID' constructor (Location: 'Bases/BaseID.cs', Line: #183)
[19:48:53.233768] 'ToJSON' function (Location: 'Bases/BaseID.cs', Line: #66)
[19:49:09.784032] 'Index' empty constructor (Location: 'Pages/Index.razor.cs', Line: #16)
[19:49:09.833734] 'Base' primary constructor (Location: 'Bases/Base.cs', Line: #19)
[19:49:09.857989] 'BaseID' constructor (Location: 'Bases/BaseID.cs', Line: #18)
[19:49:09.877719] 'PrimaryConstructorAttribute' empty constructor (Location: 'Attributes/PrimaryConstructorAttribute.cs', Line: #9)
[19:49:09.901721] 'BaseID' primary constructor (Location: 'Bases/BaseID.cs', Line: #155)
[19:49:09.926916] 'BaseID' constructor (Location: 'Bases/BaseID.cs', Line: #159)
[19:49:09.961333] 'BaseID' constructor (Location: 'Bases/BaseID.cs', Line: #183)
[19:49:09.996388] 'ToJSON' function (Location: 'Bases/BaseID.cs', Line: #66)
[19:49:21.631938] 'Index' empty constructor (Location: 'Pages/Index.razor.cs', Line: #16)
[19:49:21.676709] 'Base' primary constructor (Location: 'Bases/Base.cs', Line: #19)
[19:49:21.698514] 'BaseID' constructor (Location: 'Bases/BaseID.cs', Line: #18)
[19:49:21.722844] 'PrimaryConstructorAttribute' empty constructor (Location: 'Attributes/PrimaryConstructorAttribute.cs', Line: #9)
[19:49:21.753114] 'BaseID' primary constructor (Location: 'Bases/BaseID.cs', Line: #155)
[19:49:21.771318] 'BaseID' constructor (Location: 'Bases/BaseID.cs', Line: #159)
[19:49:21.795271] 'BaseID' constructor (Location: 'Bases/BaseID.cs', Line: #183)
[19:49:21.812763] 'ToJSON' function (Location: 'Bases/BaseID.cs', Line: #66)
[19:49:39.725706] 'Index' empty constructor (Location: 'Pages/Index.razor.cs', Line: #16)
[19:49:39.775041] 'Base' primary constructor (Location: 'Bases/Base.cs', Line: #19)
[19:49:39.796491] 'BaseID' constructor (Location: 'Bases/BaseID.cs', Line: #18)
[19:49:39.823506] 'PrimaryConstructorAttribute' empty constructor (Location: 'Attributes/PrimaryConstructorAttribute.cs', Line: #9)
[19:49:39.846393] 'BaseID' primary constructor (Location: 'Bases/BaseID.cs', Line: #155)
[19:49:39.875358] 'BaseID' constructor (Location: 'Bases/BaseID.cs', Line: #159)
[19:49:39.907490] 'BaseID' constructor (Location: 'Bases/BaseID.cs', Line: #183)
[19:49:39.925885] 'ToJSON' function (Location: 'Bases/BaseID.cs', Line: #66)
[20:20:05.089746] 'Index' empty constructor (Location: 'Pages/Index.razor.cs', Line: #16)
[20:20:05.138465] 'Base' primary constructor (Location: 'Bases/Base.cs', Line: #19)
[20:20:05.166241] 'BaseID' constructor (Location: 'Bases/BaseID.cs', Line: #18)
[20:20:05.186197] 'PrimaryConstructorAttribute' empty constructor (Location: 'Attributes/PrimaryConstructorAttribute.cs', Line: #9)
[20:20:05.216039] 'BaseID' primary constructor (Location: 'Bases/BaseID.cs', Line: #155)
[20:20:05.234779] 'BaseID' constructor (Location: 'Bases/BaseID.cs', Line: #159)
[20:20:05.256597] 'BaseID' constructor (Location: 'Bases/BaseID.cs', Line: #183)
[20:20:05.275554] 'ToJSON' function (Location: 'Bases/BaseID.cs', Line: #66)
[20:27:43.952726] 'Index' empty constructor (Location: 'Pages/Index.razor.cs', Line: #16)
[20:27:43.997227] 'Base' primary constructor (Location: 'Bases/Base.cs', Line: #19)
[20:27:44.026928] 'BaseID' constructor (Location: 'Bases/BaseID.cs', Line: #18)
[20:27:44.048591] 'PrimaryConstructorAttribute' empty constructor (Location: 'Attributes/PrimaryConstructorAttribute.cs', Line: #9)
[20:27:44.067211] 'BaseID' primary constructor (Location: 'Bases/BaseID.cs', Line: #155)
[20:27:44.085592] 'BaseID' constructor (Location: 'Bases/BaseID.cs', Line: #159)
[20:27:44.122279] 'BaseID' constructor (Location: 'Bases/BaseID.cs', Line: #183)
[20:27:44.169159] 'ToMessagePack' function (Location: 'Bases/BaseID.cs', Line: #100)
[20:38:03.694058] 'Index' empty constructor (Location: 'Pages/Index.razor.cs', Line: #16)
[20:38:03.751253] 'Base' primary constructor (Location: 'Bases/Base.cs', Line: #19)
[20:38:03.771819] 'BaseID' constructor (Location: 'Bases/BaseID.cs', Line: #18)
[20:38:03.791787] 'PrimaryConstructorAttribute' empty constructor (Location: 'Attributes/PrimaryConstructorAttribute.cs', Line: #9)
[20:38:03.812945] 'BaseID' primary constructor (Location: 'Bases/BaseID.cs', Line: #155)
[20:38:03.836966] 'BaseID' constructor (Location: 'Bases/BaseID.cs', Line: #159)
[20:38:03.866675] 'BaseID' constructor (Location: 'Bases/BaseID.cs', Line: #183)
[20:38:03.904899] 'ToMessagePack' function (Location: 'Bases/BaseID.cs', Line: #100)
[21:02:37.472068] 'Index' empty constructor (Location: 'Pages/Index.razor.cs', Line: #16)
[21:02:37.517961] 'Base' primary constructor (Location: 'Bases/Base.cs', Line: #19)
[21:02:37.544356] 'PrimaryConstructorAttribute' empty constructor (Location: 'Attributes/PrimaryConstructorAttribute.cs', Line: #9)
[21:02:37.574511] 'BaseName' primary constructor (Location: 'Bases/BaseName.cs', Line: #19)
[21:02:37.619543] 'Base' primary constructor (Location: 'Bases/Base.cs', Line: #19)
[21:02:37.641356] 'Range' primary constructor (Location: 'Values/Range.cs', Line: #55)
[21:02:37.729113] 'PrimaryConstructorAttribute' empty constructor (Location: 'Attributes/PrimaryConstructorAttribute.cs', Line: #9)
[21:02:37.747983] 'BaseException' primary constructor (Location: 'Bases/BaseException.cs', Line: #38)
[21:02:37.770928] 'PrimaryConstructorAttribute' empty constructor (Location: 'Attributes/PrimaryConstructorAttribute.cs', Line: #9)
[21:02:37.795995] 'NumberException' primary constructor (Location: 'Exceptions/NumberException.cs', Line: #14)
[21:02:37.849631] 'NumberException' constructor (Location: 'Exceptions/NumberException.cs', Line: #15)
[21:02:37.916969] 'Base' primary constructor (Location: 'Bases/Base.cs', Line: #19)
[21:02:37.939227] 'PrimaryConstructorAttribute' empty constructor (Location: 'Attributes/PrimaryConstructorAttribute.cs', Line: #9)
[21:02:37.956152] 'BaseName' primary constructor (Location: 'Bases/BaseName.cs', Line: #19)
[21:02:37.973418] 'Base' primary constructor (Location: 'Bases/Base.cs', Line: #19)
[21:02:37.990021] 'Range' primary constructor (Location: 'Values/Range.cs', Line: #55)
[21:02:38.035598] 'PrimaryConstructorAttribute' empty constructor (Location: 'Attributes/PrimaryConstructorAttribute.cs', Line: #9)
[21:02:38.058357] 'BaseException' primary constructor (Location: 'Bases/BaseException.cs', Line: #38)
[21:02:38.082283] 'PrimaryConstructorAttribute' empty constructor (Location: 'Attributes/PrimaryConstructorAttribute.cs', Line: #9)
[21:02:38.113261] 'NumberException' primary constructor (Location: 'Exceptions/NumberException.cs', Line: #14)
[21:02:38.138202] 'NumberException' constructor (Location: 'Exceptions/NumberException.cs', Line: #15)
[21:02:39.090263] 'ToString' override function (Location: 'Values/Range.cs', Line: #224)
[21:03:19.605945] 'Index' empty constructor (Location: 'Pages/Index.razor.cs', Line: #16)
[21:03:19.649075] 'Base' primary constructor (Location: 'Bases/Base.cs', Line: #19)
[21:03:19.672695] 'PrimaryConstructorAttribute' empty constructor (Location: 'Attributes/PrimaryConstructorAttribute.cs', Line: #9)
[21:03:19.695975] 'BaseName' primary constructor (Location: 'Bases/BaseName.cs', Line: #19)
[21:03:19.723541] 'Base' primary constructor (Location: 'Bases/Base.cs', Line: #19)
[21:03:19.748944] 'Range' primary constructor (Location: 'Values/Range.cs', Line: #55)
[21:03:19.823326] 'PrimaryConstructorAttribute' empty constructor (Location: 'Attributes/PrimaryConstructorAttribute.cs', Line: #9)
[21:03:19.841567] 'BaseException' primary constructor (Location: 'Bases/BaseException.cs', Line: #38)
[21:03:19.861229] 'PrimaryConstructorAttribute' empty constructor (Location: 'Attributes/PrimaryConstructorAttribute.cs', Line: #9)
[21:03:19.881236] 'NumberException' primary constructor (Location: 'Exceptions/NumberException.cs', Line: #14)
[21:03:19.903990] 'NumberException' constructor (Location: 'Exceptions/NumberException.cs', Line: #15)
[21:03:20.001274] 'Base' primary constructor (Location: 'Bases/Base.cs', Line: #19)
[21:03:20.028877] 'PrimaryConstructorAttribute' empty constructor (Location: 'Attributes/PrimaryConstructorAttribute.cs', Line: #9)
[21:03:20.055865] 'BaseName' primary constructor (Location: 'Bases/BaseName.cs', Line: #19)
[21:03:20.080505] 'Base' primary constructor (Location: 'Bases/Base.cs', Line: #19)
[21:03:20.108926] 'Range' primary constructor (Location: 'Values/Range.cs', Line: #55)
[21:03:20.160815] 'PrimaryConstructorAttribute' empty constructor (Location: 'Attributes/PrimaryConstructorAttribute.cs', Line: #9)
[21:03:20.178283] 'BaseException' primary constructor (Location: 'Bases/BaseException.cs', Line: #38)
[21:03:20.195962] 'PrimaryConstructorAttribute' empty constructor (Location: 'Attributes/PrimaryConstructorAttribute.cs', Line: #9)
[21:03:20.213958] 'NumberException' primary constructor (Location: 'Exceptions/NumberException.cs', Line: #14)
[21:03:20.232316] 'NumberException' constructor (Location: 'Exceptions/NumberException.cs', Line: #15)
[21:03:20.627057] 'ToString' override function (Location: 'Values/Range.cs', Line: #224)
[21:06:03.929473] 'Index' empty constructor (Location: 'Pages/Index.razor.cs', Line: #16)
[21:06:03.994594] 'Base' primary constructor (Location: 'Bases/Base.cs', Line: #19)
[21:06:04.026428] 'PrimaryConstructorAttribute' empty constructor (Location: 'Attributes/PrimaryConstructorAttribute.cs', Line: #9)
[21:06:04.047834] 'BaseName' primary constructor (Location: 'Bases/BaseName.cs', Line: #19)
[21:06:04.071580] 'Base' primary constructor (Location: 'Bases/Base.cs', Line: #19)
[21:06:04.094695] 'Range' primary constructor (Location: 'Values/Range.cs', Line: #55)
[21:06:04.118864] 'ToString' override function (Location: 'Values/Range.cs', Line: #224)
[21:06:04.187864] 'PrimaryConstructorAttribute' empty constructor (Location: 'Attributes/PrimaryConstructorAttribute.cs', Line: #9)
[21:06:04.206033] 'BaseException' primary constructor (Location: 'Bases/BaseException.cs', Line: #38)
[21:06:04.234070] 'PrimaryConstructorAttribute' empty constructor (Location: 'Attributes/PrimaryConstructorAttribute.cs', Line: #9)
[21:06:04.259400] 'NameException' constructor (Location: 'Exceptions/NameException.cs', Line: #15)
[21:06:04.325828] 'Base' primary constructor (Location: 'Bases/Base.cs', Line: #19)
[21:06:04.348020] 'PrimaryConstructorAttribute' empty constructor (Location: 'Attributes/PrimaryConstructorAttribute.cs', Line: #9)
[21:06:04.368665] 'BaseName' primary constructor (Location: 'Bases/BaseName.cs', Line: #19)
[21:06:04.392575] 'Base' primary constructor (Location: 'Bases/Base.cs', Line: #19)
[21:06:04.418141] 'Range' primary constructor (Location: 'Values/Range.cs', Line: #55)
[21:06:04.435493] 'ToString' override function (Location: 'Values/Range.cs', Line: #224)
[21:06:04.472782] 'PrimaryConstructorAttribute' empty constructor (Location: 'Attributes/PrimaryConstructorAttribute.cs', Line: #9)
[21:06:04.491486] 'BaseException' primary constructor (Location: 'Bases/BaseException.cs', Line: #38)
[21:06:04.513786] 'PrimaryConstructorAttribute' empty constructor (Location: 'Attributes/PrimaryConstructorAttribute.cs', Line: #9)
[21:06:04.545419] 'NameException' constructor (Location: 'Exceptions/NameException.cs', Line: #15)
[21:06:05.392211] 'ToString' override function (Location: 'Bases/Base.cs', Line: #111)
[21:06:36.302324] 'Index' empty constructor (Location: 'Pages/Index.razor.cs', Line: #16)
[21:06:36.348348] 'Base' primary constructor (Location: 'Bases/Base.cs', Line: #19)
[21:06:36.375538] 'PrimaryConstructorAttribute' empty constructor (Location: 'Attributes/PrimaryConstructorAttribute.cs', Line: #9)
[21:06:36.394458] 'BaseName' primary constructor (Location: 'Bases/BaseName.cs', Line: #19)
[21:06:36.421236] 'Base' primary constructor (Location: 'Bases/Base.cs', Line: #19)
[21:06:36.445481] 'Range' primary constructor (Location: 'Values/Range.cs', Line: #55)
[21:06:36.463286] 'ToString' override function (Location: 'Values/Range.cs', Line: #224)
[21:06:36.519376] 'PrimaryConstructorAttribute' empty constructor (Location: 'Attributes/PrimaryConstructorAttribute.cs', Line: #9)
[21:06:36.535183] 'BaseException' primary constructor (Location: 'Bases/BaseException.cs', Line: #38)
[21:06:36.547004] 'PrimaryConstructorAttribute' empty constructor (Location: 'Attributes/PrimaryConstructorAttribute.cs', Line: #9)
[21:06:36.564165] 'NameException' constructor (Location: 'Exceptions/NameException.cs', Line: #15)
[21:06:36.619603] 'Base' primary constructor (Location: 'Bases/Base.cs', Line: #19)
[21:06:36.638344] 'PrimaryConstructorAttribute' empty constructor (Location: 'Attributes/PrimaryConstructorAttribute.cs', Line: #9)
[21:06:36.656751] 'BaseName' primary constructor (Location: 'Bases/BaseName.cs', Line: #19)
[21:06:36.677955] 'Base' primary constructor (Location: 'Bases/Base.cs', Line: #19)
[21:06:36.709695] 'Range' primary constructor (Location: 'Values/Range.cs', Line: #55)
[21:06:36.734140] 'ToString' override function (Location: 'Values/Range.cs', Line: #224)
[21:06:36.800585] 'PrimaryConstructorAttribute' empty constructor (Location: 'Attributes/PrimaryConstructorAttribute.cs', Line: #9)
[21:06:36.819489] 'BaseException' primary constructor (Location: 'Bases/BaseException.cs', Line: #38)
[21:06:36.839094] 'PrimaryConstructorAttribute' empty constructor (Location: 'Attributes/PrimaryConstructorAttribute.cs', Line: #9)
[21:06:36.859175] 'NameException' constructor (Location: 'Exceptions/NameException.cs', Line: #15)
[21:06:37.568812] 'ToString' override function (Location: 'Bases/Base.cs', Line: #111)
