[15:15:21.135610] 'MainConstructorAttribute' empty constructor (Location: 'Attributes/MainConstructorAttribute.cs', Line: #9)
[15:15:21.181922] 'BaseData' primary constructor (Location: 'Bases/BaseData.cs', Line: #29)
[15:15:21.208829] 'ToBLOBsString' function (Location: 'Bases/BaseData.cs', Line: #337)
[15:15:21.241180] 'ToBLOBs' function (Location: 'Bases/BaseData.cs', Line: #170)
[15:17:15.740880] 'MainConstructorAttribute' empty constructor (Location: 'Attributes/MainConstructorAttribute.cs', Line: #9)
[15:17:15.775741] 'BaseData' primary constructor (Location: 'Bases/BaseData.cs', Line: #29)
[15:17:15.810390] 'ToBLOBsString' function (Location: 'Bases/BaseData.cs', Line: #337)
[15:17:16.031615] 'ToString' override function (Location: 'Bases/BaseData.cs', Line: #35)
[15:17:19.632991] 'ToString' override function (Location: 'Bases/BaseData.cs', Line: #35)
[15:17:22.095784] 'ToString' override function (Location: 'Bases/BaseData.cs', Line: #35)
[15:17:22.553484] 'ToString' override function (Location: 'Bases/BaseData.cs', Line: #35)
[15:17:22.849361] 'ToBLOBs' function (Location: 'Bases/BaseData.cs', Line: #170)
[15:17:23.048176] 'ToString' override function (Location: 'Bases/BaseData.cs', Line: #35)
[15:17:23.579828] 'ToString' override function (Location: 'Bases/BaseData.cs', Line: #35)
[15:17:24.116296] 'ToString' override function (Location: 'Bases/BaseData.cs', Line: #35)
[15:17:24.532872] 'ToString' override function (Location: 'Bases/BaseData.cs', Line: #35)
[15:17:25.571800] 'ToString' override function (Location: 'Bases/BaseData.cs', Line: #35)
[15:17:26.181183] 'ToString' override function (Location: 'Bases/BaseData.cs', Line: #35)
[15:17:26.759963] 'ToString' override function (Location: 'Bases/BaseData.cs', Line: #35)
[15:17:27.260800] 'ToString' override function (Location: 'Bases/BaseData.cs', Line: #35)
[15:17:27.813753] 'ToString' override function (Location: 'Bases/BaseData.cs', Line: #35)
[15:17:28.860315] 'ToString' override function (Location: 'Bases/BaseData.cs', Line: #35)
[15:17:29.540093] 'ToString' override function (Location: 'Bases/BaseData.cs', Line: #35)
[15:17:30.104713] 'ToString' override function (Location: 'Bases/BaseData.cs', Line: #35)
[15:17:30.639041] 'ToString' override function (Location: 'Bases/BaseData.cs', Line: #35)
[15:17:31.088131] 'ToString' override function (Location: 'Bases/BaseData.cs', Line: #35)
[15:17:31.592252] 'ToString' override function (Location: 'Bases/BaseData.cs', Line: #35)
[15:17:32.046686] 'ToString' override function (Location: 'Bases/BaseData.cs', Line: #35)
[15:17:32.569520] 'ToString' override function (Location: 'Bases/BaseData.cs', Line: #35)
[15:17:33.044586] 'ToString' override function (Location: 'Bases/BaseData.cs', Line: #35)
[15:17:33.447017] 'ToString' override function (Location: 'Bases/BaseData.cs', Line: #35)
[15:17:33.881741] 'ToString' override function (Location: 'Bases/BaseData.cs', Line: #35)
[15:17:34.408957] 'ToString' override function (Location: 'Bases/BaseData.cs', Line: #35)
[15:17:34.795104] 'ToString' override function (Location: 'Bases/BaseData.cs', Line: #35)
[15:17:35.166764] 'ToString' override function (Location: 'Bases/BaseData.cs', Line: #35)
[15:17:35.690400] 'ToString' override function (Location: 'Bases/BaseData.cs', Line: #35)
[15:17:35.986105] 'ToString' override function (Location: 'Bases/BaseData.cs', Line: #35)
[15:17:36.441449] 'ToString' override function (Location: 'Bases/BaseData.cs', Line: #35)
[15:17:37.083458] 'ToString' override function (Location: 'Bases/BaseData.cs', Line: #35)
[15:17:39.749845] 'ToString' override function (Location: 'Bases/BaseData.cs', Line: #35)
[15:17:41.653926] 'ToString' override function (Location: 'Bases/BaseData.cs', Line: #35)
[15:17:42.631406] 'ToString' override function (Location: 'Bases/BaseData.cs', Line: #35)
[15:17:43.120797] 'ToString' override function (Location: 'Bases/BaseData.cs', Line: #35)
[15:17:43.476476] 'ToString' override function (Location: 'Bases/BaseData.cs', Line: #35)
[15:17:43.803603] 'ToString' override function (Location: 'Bases/BaseData.cs', Line: #35)
[15:17:49.520274] 'ToString' override function (Location: 'Bases/BaseData.cs', Line: #35)
[15:18:23.749013] 'MainConstructorAttribute' empty constructor (Location: 'Attributes/MainConstructorAttribute.cs', Line: #9)
[15:18:23.804584] 'BaseData' primary constructor (Location: 'Bases/BaseData.cs', Line: #29)
[15:18:23.844138] 'ToBLOBsString' function (Location: 'Bases/BaseData.cs', Line: #337)
[15:18:23.881660] 'ToBLOBs' function (Location: 'Bases/BaseData.cs', Line: #170)
[15:18:24.275179] 'ToString' override function (Location: 'Bases/BaseData.cs', Line: #35)
[15:22:29.677467] 'MainConstructorAttribute' empty constructor (Location: 'Attributes/MainConstructorAttribute.cs', Line: #9)
[15:22:29.736849] 'BaseData' primary constructor (Location: 'Bases/BaseData.cs', Line: #29)
[15:22:29.775299] 'ToBLOBsString' function (Location: 'Bases/BaseData.cs', Line: #337)
[15:22:29.805139] 'ToBLOBs' function (Location: 'Bases/BaseData.cs', Line: #170)
[15:22:29.885687] 'MainConstructorAttribute' empty constructor (Location: 'Attributes/MainConstructorAttribute.cs', Line: #9)
[15:22:29.912122] 'BaseException' primary constructor (Location: 'Bases/BaseException.cs', Line: #38)
[15:22:29.938617] 'BaseException' constructor (Location: 'Bases/BaseException.cs', Line: #51)
[15:23:42.927337] 'MainConstructorAttribute' empty constructor (Location: 'Attributes/MainConstructorAttribute.cs', Line: #9)
[15:23:42.974364] 'BaseData' primary constructor (Location: 'Bases/BaseData.cs', Line: #29)
[15:23:43.024569] 'ToBLOBsString' function (Location: 'Bases/BaseData.cs', Line: #337)
[15:23:43.062088] 'ToBLOBs' function (Location: 'Bases/BaseData.cs', Line: #170)
[15:23:43.140176] 'MainConstructorAttribute' empty constructor (Location: 'Attributes/MainConstructorAttribute.cs', Line: #9)
[15:23:43.162587] 'BaseException' primary constructor (Location: 'Bases/BaseException.cs', Line: #38)
[15:23:43.185198] 'BaseException' constructor (Location: 'Bases/BaseException.cs', Line: #51)
[15:24:11.640551] 'MainConstructorAttribute' empty constructor (Location: 'Attributes/MainConstructorAttribute.cs', Line: #9)
[15:24:11.667974] 'BaseData' primary constructor (Location: 'Bases/BaseData.cs', Line: #29)
[15:24:11.699396] 'ToBLOBsString' function (Location: 'Bases/BaseData.cs', Line: #337)
[15:24:11.721253] 'ToBLOBs' function (Location: 'Bases/BaseData.cs', Line: #170)
[15:24:12.101047] 'ToString' override function (Location: 'Bases/BaseData.cs', Line: #35)
[15:24:15.963822] 'ToString' override function (Location: 'Bases/BaseData.cs', Line: #35)
[15:24:16.455736] 'ToString' override function (Location: 'Bases/BaseData.cs', Line: #35)
[15:24:17.277848] 'ToString' override function (Location: 'Bases/BaseData.cs', Line: #35)
[15:24:18.123320] 'ToString' override function (Location: 'Bases/BaseData.cs', Line: #35)
[15:24:18.652375] 'ToString' override function (Location: 'Bases/BaseData.cs', Line: #35)
[15:24:19.227859] 'ToString' override function (Location: 'Bases/BaseData.cs', Line: #35)
[15:24:20.010553] 'ToString' override function (Location: 'Bases/BaseData.cs', Line: #35)
[15:24:20.525669] 'ToString' override function (Location: 'Bases/BaseData.cs', Line: #35)
[15:24:21.081876] 'ToString' override function (Location: 'Bases/BaseData.cs', Line: #35)
[15:24:21.519751] 'ToString' override function (Location: 'Bases/BaseData.cs', Line: #35)
[15:24:22.067262] 'ToString' override function (Location: 'Bases/BaseData.cs', Line: #35)
[15:24:22.649143] 'ToString' override function (Location: 'Bases/BaseData.cs', Line: #35)
[15:24:22.984428] 'ToString' override function (Location: 'Bases/BaseData.cs', Line: #35)
[15:24:23.415399] 'ToString' override function (Location: 'Bases/BaseData.cs', Line: #35)
[15:24:23.883304] 'ToString' override function (Location: 'Bases/BaseData.cs', Line: #35)
[15:24:24.360153] 'ToString' override function (Location: 'Bases/BaseData.cs', Line: #35)
[15:24:24.705662] 'ToString' override function (Location: 'Bases/BaseData.cs', Line: #35)
[15:24:25.145607] 'ToString' override function (Location: 'Bases/BaseData.cs', Line: #35)
[15:24:25.602757] 'ToString' override function (Location: 'Bases/BaseData.cs', Line: #35)
[15:24:25.990738] 'ToString' override function (Location: 'Bases/BaseData.cs', Line: #35)
[15:24:26.387588] 'ToString' override function (Location: 'Bases/BaseData.cs', Line: #35)
[15:24:26.756722] 'ToString' override function (Location: 'Bases/BaseData.cs', Line: #35)
[15:24:27.122435] 'ToString' override function (Location: 'Bases/BaseData.cs', Line: #35)
[15:24:27.586590] 'ToString' override function (Location: 'Bases/BaseData.cs', Line: #35)
[15:24:28.303701] 'ToString' override function (Location: 'Bases/BaseData.cs', Line: #35)
[15:24:29.065805] 'ToString' override function (Location: 'Bases/BaseData.cs', Line: #35)
[15:24:31.381660] 'ToString' override function (Location: 'Bases/BaseData.cs', Line: #35)
[15:24:32.151402] 'ToString' override function (Location: 'Bases/BaseData.cs', Line: #35)
[15:24:32.780266] 'ToString' override function (Location: 'Bases/BaseData.cs', Line: #35)
[15:25:20.176242] 'MainConstructorAttribute' empty constructor (Location: 'Attributes/MainConstructorAttribute.cs', Line: #9)
[15:25:20.233584] 'BaseData' primary constructor (Location: 'Bases/BaseData.cs', Line: #29)
[15:25:20.271136] 'ToBLOBsString' function (Location: 'Bases/BaseData.cs', Line: #337)
[15:25:20.302029] 'ToBLOBs' function (Location: 'Bases/BaseData.cs', Line: #170)
[15:25:20.728247] 'ToString' override function (Location: 'Bases/BaseData.cs', Line: #35)
[15:25:24.498377] 'ToString' override function (Location: 'Bases/BaseData.cs', Line: #35)
[15:25:26.499525] 'ToString' override function (Location: 'Bases/BaseData.cs', Line: #35)
[15:26:34.912928] 'MainConstructorAttribute' empty constructor (Location: 'Attributes/MainConstructorAttribute.cs', Line: #9)
[15:26:34.962732] 'BaseData' primary constructor (Location: 'Bases/BaseData.cs', Line: #29)
[15:26:34.997798] 'ToBLOBsString' function (Location: 'Bases/BaseData.cs', Line: #337)
[15:26:35.024851] 'ToBLOBs' function (Location: 'Bases/BaseData.cs', Line: #170)
[15:26:35.370218] 'ToString' override function (Location: 'Bases/BaseData.cs', Line: #35)
[15:26:42.273095] 'ToString' override function (Location: 'Bases/BaseData.cs', Line: #35)
[15:27:08.722560] 'ToString' override function (Location: 'Bases/BaseData.cs', Line: #35)
[15:27:09.842559] 'ToString' override function (Location: 'Bases/BaseData.cs', Line: #35)
[15:27:10.461304] 'ToString' override function (Location: 'Bases/BaseData.cs', Line: #35)
[15:27:10.847877] 'ToString' override function (Location: 'Bases/BaseData.cs', Line: #35)
[15:27:11.395815] 'ToString' override function (Location: 'Bases/BaseData.cs', Line: #35)
[15:27:12.125106] 'ToString' override function (Location: 'Bases/BaseData.cs', Line: #35)
[15:27:12.604689] 'ToString' override function (Location: 'Bases/BaseData.cs', Line: #35)
[22:00:53.972232] 'MainConstructorAttribute' empty constructor (Location: 'Attributes/MainConstructorAttribute.cs', Line: #9)
[22:00:54.034998] 'BaseData' primary constructor (Location: 'Bases/BaseData.cs', Line: #29)
[22:00:54.061866] 'ToBLOBsString' function (Location: 'Bases/BaseData.cs', Line: #337)
[22:00:54.089119] 'ToBLOBs' function (Location: 'Bases/BaseData.cs', Line: #170)
[22:00:54.579953] 'ToString' override function (Location: 'Bases/BaseData.cs', Line: #35)
[22:01:15.515200] 'MainConstructorAttribute' empty constructor (Location: 'Attributes/MainConstructorAttribute.cs', Line: #9)
[22:01:15.539055] 'BaseData' primary constructor (Location: 'Bases/BaseData.cs', Line: #29)
[22:01:15.564368] 'ToBLOBsString' function (Location: 'Bases/BaseData.cs', Line: #337)
[22:01:15.590936] 'ToBLOBs' function (Location: 'Bases/BaseData.cs', Line: #170)
[22:01:15.825589] 'ToString' override function (Location: 'Bases/BaseData.cs', Line: #35)
[23:13:31.744851] 'Index' empty constructor (Location: 'Pages/Index.razor.cs', Line: #11)
